#
# A fatal error has been detected by the Java Runtime Environment:
#
#  SIGSEGV (0xb) at pc=0x00007f33d869433e, pid=22717, tid=22754
#
# JRE version: OpenJDK Runtime Environment (Red_Hat-21.0.4.0.7-2) (21.0.4+7) (build 21.0.4+7)
# Java VM: OpenJDK 64-Bit Server VM (Red_Hat-21.0.4.0.7-2) (21.0.4+7, mixed mode, sharing, tiered, compressed oops, compressed class ptrs, g1 gc, linux-amd64)
# Problematic frame:
# V  [libjvm.so+0x69433e]  CompiledMethod::cleanup_inline_caches_impl(bool, bool)+0x5be
#
# Core dump will be written. Default location: Core dumps may be processed with "/usr/lib/systemd/systemd-coredump %P %u %g %s %t %c %h" (or dumping to /home/ccordeiro/area_dev/spring-boot/parking-control/core.22717)
#
# If you would like to submit a bug report, please visit:
#   https://bugzilla.redhat.com/enter_bug.cgi?product=Fedora&component=java-21-openjdk&version=39
#

---------------  S U M M A R Y ------------

Command Line: -javaagent:/var/lib/snapd/snap/intellij-idea-community/515/lib/idea_rt.jar=46865:/var/lib/snapd/snap/intellij-idea-community/515/bin -Dfile.encoding=UTF-8 -Dsun.stdout.encoding=UTF-8 -Dsun.stderr.encoding=UTF-8 com.api.parking_control.ParkingControlApplication

Host: AMD FX(tm)-4100 Quad-Core Processor, 8 cores, 7G, Fedora release 40 (Forty)
Time: Wed Jul 31 22:01:09 2024 -03 elapsed time: 2.936590 seconds (0d 0h 0m 2s)

---------------  T H R E A D  ---------------

Current thread (0x00007f33480073d0):  WorkerThread "GC Thread#1"    [id=22754, stack(0x00007f33b1a51000,0x00007f33b1b51000) (1024K)]

Stack: [0x00007f33b1a51000,0x00007f33b1b51000],  sp=0x00007f33b1b4faf0,  free space=1018k
Native frames: (J=compiled Java code, j=interpreted, Vv=VM code, C=native code)
V  [libjvm.so+0x69433e]  CompiledMethod::cleanup_inline_caches_impl(bool, bool)+0x5be
V  [libjvm.so+0x69477d]  CompiledMethod::unload_nmethod_caches(bool)+0x6d
V  [libjvm.so+0xcf4abc]  nmethod::do_unloading(bool)+0xac
V  [libjvm.so+0xd6504d]  CodeCacheUnloadingTask::work(unsigned int)+0x9d
V  [libjvm.so+0x841f3b]  G1ParallelCleaningTask::work(unsigned int)+0x2b
V  [libjvm.so+0x107cef0]  WorkerThread::run()+0x90
V  [libjvm.so+0xfbc8e6]  Thread::call_run()+0xb6
V  [libjvm.so+0xd3d3e2]  thread_native_entry(Thread*)+0xe2
C  [libc.so.6+0x97507]  start_thread+0x377

siginfo: si_signo: 11 (SIGSEGV), si_code: 1 (SEGV_MAPERR), si_addr: 0x0000000000010000

Registers:
RAX=0x0000000000010000, RBX=0x00007f33b8243d10, RCX=0x0000000000010000, RDX=0x00007f33b824957e
RSP=0x00007f33b1b4faf0, RBP=0x00007f33b1b4fc10, RSI=0x0000000000000000, RDI=0x00007f33b824957d
R8 =0x00007f33d917db94, R9 =0x0000000000000001, R10=0x00007f33d95c5000, R11=0x0000000000000246
R12=0x00007f33b1b4fb40, R13=0x00007f33d919c860, R14=0x00007f33b1b4fbb0, R15=0x00007f33d9547f40
RIP=0x00007f33d869433e, EFLAGS=0x0000000000010206, CSGSFS=0x002b000000000033, ERR=0x0000000000000004
  TRAPNO=0x000000000000000e


Register to memory mapping:

RAX=0x0000000000010000 is an unknown value
RBX=0x00007f33b8243d10 is at entry_point+-2288 in (nmethod*)0x00007f33b8243d10
Compiled method (c1)    2942  254   !   3       java.lang.String::<init> (890 bytes)
 total in heap  [0x00007f33b8243d10,0x00007f33b824b158] = 29768
 relocation     [0x00007f33b8243e60,0x00007f33b82445f0] = 1936
 main code      [0x00007f33b8244600,0x00007f33b8249398] = 19864
 stub code      [0x00007f33b8249398,0x00007f33b82496c0] = 808
 oops           [0x00007f33b82496c0,0x00007f33b82496c8] = 8
 metadata       [0x00007f33b82496c8,0x00007f33b8249768] = 160
 scopes data    [0x00007f33b8249768,0x00007f33b824a540] = 3544
 scopes pcs     [0x00007f33b824a540,0x00007f33b824b0a0] = 2912
 dependencies   [0x00007f33b824b0a0,0x00007f33b824b0a8] = 8
 handler table  [0x00007f33b824b0a8,0x00007f33b824b0c0] = 24
 nul chk table  [0x00007f33b824b0c0,0x00007f33b824b158] = 152
RCX=0x0000000000010000 is an unknown value
RDX=0x00007f33b824957e is at entry_point+20350 in (nmethod*)0x00007f33b8243d10
Compiled method (c1)    2943  254   !   3       java.lang.String::<init> (890 bytes)
 total in heap  [0x00007f33b8243d10,0x00007f33b824b158] = 29768
 relocation     [0x00007f33b8243e60,0x00007f33b82445f0] = 1936
 main code      [0x00007f33b8244600,0x00007f33b8249398] = 19864
 stub code      [0x00007f33b8249398,0x00007f33b82496c0] = 808
 oops           [0x00007f33b82496c0,0x00007f33b82496c8] = 8
 metadata       [0x00007f33b82496c8,0x00007f33b8249768] = 160
 scopes data    [0x00007f33b8249768,0x00007f33b824a540] = 3544
 scopes pcs     [0x00007f33b824a540,0x00007f33b824b0a0] = 2912
 dependencies   [0x00007f33b824b0a0,0x00007f33b824b0a8] = 8
 handler table  [0x00007f33b824b0a8,0x00007f33b824b0c0] = 24
 nul chk table  [0x00007f33b824b0c0,0x00007f33b824b158] = 152
RSP=0x00007f33b1b4faf0 points into unknown readable memory: 0x0000000000000000 | 00 00 00 00 00 00 00 00
RBP=0x00007f33b1b4fc10 points into unknown readable memory: 0x00007f33b1b4fc90 | 90 fc b4 b1 33 7f 00 00
RSI=0x0 is null
RDI=0x00007f33b824957d is at entry_point+20349 in (nmethod*)0x00007f33b8243d10
Compiled method (c1)    2943  254   !   3       java.lang.String::<init> (890 bytes)
 total in heap  [0x00007f33b8243d10,0x00007f33b824b158] = 29768
 relocation     [0x00007f33b8243e60,0x00007f33b82445f0] = 1936
 main code      [0x00007f33b8244600,0x00007f33b8249398] = 19864
 stub code      [0x00007f33b8249398,0x00007f33b82496c0] = 808
 oops           [0x00007f33b82496c0,0x00007f33b82496c8] = 8
 metadata       [0x00007f33b82496c8,0x00007f33b8249768] = 160
 scopes data    [0x00007f33b8249768,0x00007f33b824a540] = 3544
 scopes pcs     [0x00007f33b824a540,0x00007f33b824b0a0] = 2912
 dependencies   [0x00007f33b824b0a0,0x00007f33b824b0a8] = 8
 handler table  [0x00007f33b824b0a8,0x00007f33b824b0c0] = 24
 nul chk table  [0x00007f33b824b0c0,0x00007f33b824b158] = 152
R8 =0x00007f33d917db94: <offset 0x000000000117db94> in /usr/lib/jvm/java-21-openjdk-21.0.4.0.7-2.fc40.x86_64/lib/server/libjvm.so at 0x00007f33d8000000
R9 =0x0000000000000001 is an unknown value
R10=0x00007f33d95c5000 points into unknown readable memory: 0x0100050403020100 | 00 01 02 03 04 05 00 01
R11=0x0000000000000246 is an unknown value
R12=0x00007f33b1b4fb40 points into unknown readable memory: 0x0000000000000000 | 00 00 00 00 00 00 00 00
R13=0x00007f33d919c860: <offset 0x000000000119c860> in /usr/lib/jvm/java-21-openjdk-21.0.4.0.7-2.fc40.x86_64/lib/server/libjvm.so at 0x00007f33d8000000
R14=0x00007f33b1b4fbb0 points into unknown readable memory: 0x00007f33d9454250 | 50 42 45 d9 33 7f 00 00
R15=0x00007f33d9547f40: <offset 0x0000000001547f40> in /usr/lib/jvm/java-21-openjdk-21.0.4.0.7-2.fc40.x86_64/lib/server/libjvm.so at 0x00007f33d8000000

Top of Stack: (sp=0x00007f33b1b4faf0)
0x00007f33b1b4faf0:   0000000000000000 00000000000003d8
0x00007f33b1b4fb00:   00007f33140c1430 00007f33140c1440
0x00007f33b1b4fb10:   00007f33140c1818 00007f33140c1440
0x00007f33b1b4fb20:   00007f33140c1430 00007f335b45f700
0x00007f33b1b4fb30:   00007f3348007770 0000000000000000
0x00007f33b1b4fb40:   0000000000000000 00007f33b82444e6
0x00007f33b1b4fb50:   00007f33b82445f0 00007f33b8243d10
0x00007f33b1b4fb60:   00007f33b824957d 00007f33b1b4000a
0x00007f33b1b4fb70:   00007f33b82444e2 00007f33d8cf0000
0x00007f33b1b4fb80:   00007f33b8244600 00007f33b8244600
0x00007f33b1b4fb90:   00007f33b8249398 00007f33b8244600
0x00007f33b1b4fba0:   00007f33b8249398 00007f33b82496c0
0x00007f33b1b4fbb0:   00007f33d9454250 00007f33b1b4fb40
0x00007f33b1b4fbc0:   000000000000000c 00007f3300000000
0x00007f33b1b4fbd0:   00007f3300000000 5233af450c5ea600
0x00007f33b1b4fbe0:   00007f33b8249398 00007f33b8243d10
0x00007f33b1b4fbf0:   0000000000000000 00007f3348007770
0x00007f33b1b4fc00:   0000000000000002 00007f33b1b4fcdc
0x00007f33b1b4fc10:   00007f33b1b4fc90 00007f33d869477d
0x00007f33b1b4fc20:   0000000000000000 00000000000003d8
0x00007f33b1b4fc30:   00007f33140c1430 00007f33140c1440
0x00007f33b1b4fc40:   00007f33140c1818 00007f33140c1440
0x00007f33b1b4fc50:   00007f33140c1430 00007f33b8243d10
0x00007f33b1b4fc60:   00007f33b1b4fc90 00007f33b8243d10
0x00007f33b1b4fc70:   0000000000000004 0000000000000000
0x00007f33b1b4fc80:   0000000000000002 00007f33b1b4fcdc
0x00007f33b1b4fc90:   00007f33b1b4fcc0 00007f33d8cf4abc
0x00007f33b1b4fca0:   00007f33b1b4fd28 00007f33d46d9458
0x00007f33b1b4fcb0:   00007f33b1b4fd60 00007f33b1b4fce0
0x00007f33b1b4fcc0:   00007f33b1b4fda0 00007f33d8d6504d
0x00007f33b1b4fcd0:   0000000000000000 0000001000000000
0x00007f33b1b4fce0:   00007f33b8240a10 00007f33b8241890 

Instructions: (pc=0x00007f33d869433e)
0x00007f33d869423e:   89 f7 e8 eb 8d 74 00 48 c7 00 00 00 00 00 44 8b
0x00007f33d869424e:   4d b4 45 85 c9 0f 84 50 fe ff ff 4c 89 f7 e8 9f
0x00007f33d869425e:   8e 74 00 e9 43 fe ff ff 66 2e 0f 1f 84 00 00 00
0x00007f33d869426e:   00 00 48 89 c2 0f b6 85 18 ff ff ff 88 85 20 ff
0x00007f33d869427e:   ff ff e9 9e fd ff ff 0f 1f 00 31 f6 bf 20 00 00
0x00007f33d869428e:   00 e8 cc 13 75 00 4c 89 e6 49 89 c6 48 89 c7 e8
0x00007f33d869429e:   2e cc ff ff 4c 89 f7 e8 26 c9 ff ff 0f b6 8d 2f
0x00007f33d86942ae:   ff ff ff 48 89 da 4c 89 f7 48 89 c6 e8 b1 df ff
0x00007f33d86942be:   ff 84 c0 0f 84 c3 01 00 00 48 8b 95 38 ff ff ff
0x00007f33d86942ce:   e9 20 fc ff ff 0f 1f 44 00 00 48 89 c2 45 84 ff
0x00007f33d86942de:   0f 84 0f fc ff ff 48 8b 03 48 89 df ff 90 00 02
0x00007f33d86942ee:   00 00 84 c0 0f 85 00 02 00 00 0f b6 05 39 3c eb
0x00007f33d86942fe:   00 84 c0 0f 84 26 02 00 00 4c 8d 3d 32 3c eb 00
0x00007f33d869430e:   49 8b 17 4c 8d 75 a0 4c 89 ff 4c 89 f6 ff 52 10
0x00007f33d869431e:   4c 89 f7 4c 89 65 a8 e8 96 67 74 00 4c 89 f7 e8
0x00007f33d869432e:   4e 8d 74 00 48 89 c1 48 85 c0 0f 84 ba 01 00 00
0x00007f33d869433e:   48 8b 00 48 89 8d 18 ff ff ff 48 89 cf ff 50 10
0x00007f33d869434e:   48 8b 95 38 ff ff ff 48 8b 8d 18 ff ff ff 84 c0
0x00007f33d869435e:   41 89 c7 0f 84 8c fb ff ff 48 8b 41 08 48 8b 40
0x00007f33d869436e:   08 48 8b 40 18 48 8b b8 98 00 00 00 e8 71 1e fa
0x00007f33d869437e:   ff 41 89 c7 84 c0 0f 85 6e 01 00 00 4c 89 f7 e8
0x00007f33d869438e:   9e 8c 74 00 48 c7 00 00 00 00 00 8b 75 b4 48 8b
0x00007f33d869439e:   95 38 ff ff ff 85 f6 0f 84 48 fb ff ff 4c 89 f7
0x00007f33d86943ae:   e8 4d 8d 74 00 48 8b 95 38 ff ff ff e9 34 fb ff
0x00007f33d86943be:   ff 90 48 8b 03 4c 89 e7 4c 8b b0 e0 01 00 00 e8
0x00007f33d86943ce:   ae 78 74 00 48 89 df 48 89 c6 41 ff d6 48 8d 3d
0x00007f33d86943de:   7e da ff ff 49 89 c6 48 8b 00 48 8b 00 48 39 f8
0x00007f33d86943ee:   0f 85 2c 01 00 00 49 8b 7e 08 e8 b3 d4 65 00 48
0x00007f33d86943fe:   89 c7 e8 0b 0a fc ff 48 89 c2 48 85 c0 0f 84 b6
0x00007f33d869440e:   fe ff ff 80 78 5d 00 0f 84 ac fe ff ff 80 bd 2f
0x00007f33d869441e:   ff ff ff 00 75 44 48 8b 00 48 8d 3d a2 24 fd ff
0x00007f33d869442e:   48 8b 88 a8 00 00 00 48 39 f9 0f 85 dd 01 00 00 


Stack slot to memory mapping:

stack at sp + 0 slots: 0x0 is null
stack at sp + 1 slots: 0x00000000000003d8 is an unknown value
stack at sp + 2 slots: 0x00007f33140c1430 points into unknown readable memory: 0x00007f33d069afb0 | b0 af 69 d0 33 7f 00 00
stack at sp + 3 slots: 0x00007f33140c1440 points into unknown readable memory: 0x00007f33d94fe0f8 | f8 e0 4f d9 33 7f 00 00
stack at sp + 4 slots: 0x00007f33140c1818 points into unknown readable memory: 0x00000000000003f5 | f5 03 00 00 00 00 00 00
stack at sp + 5 slots: 0x00007f33140c1440 points into unknown readable memory: 0x00007f33d94fe0f8 | f8 e0 4f d9 33 7f 00 00
stack at sp + 6 slots: 0x00007f33140c1430 points into unknown readable memory: 0x00007f33d069afb0 | b0 af 69 d0 33 7f 00 00
stack at sp + 7 slots: 0x00007f335b45f700 is pointing into metadata


---------------  P R O C E S S  ---------------

Threads class SMR info:
_java_thread_list=0x00007f32c800d440, length=16, elements={
0x00007f33d002f050, 0x00007f33d01546d0, 0x00007f33d0155d50, 0x00007f33d0157830,
0x00007f33d0158e70, 0x00007f33d015a410, 0x00007f33d015bf50, 0x00007f33d015d610,
0x00007f33d0187700, 0x00007f33140bfe50, 0x00007f33d0496180, 0x00007f33d0498790,
0x00007f33d0725800, 0x00007f32e4002760, 0x00007f3328000ff0, 0x00007f32e017c510
}

Java Threads: ( => current thread )
  0x00007f33d002f050 JavaThread "main"                              [_thread_blocked, id=22721, stack(0x00007f33d7f00000,0x00007f33d8000000) (1024K)]
  0x00007f33d01546d0 JavaThread "Reference Handler"          daemon [_thread_blocked, id=22740, stack(0x00007f33d44da000,0x00007f33d45da000) (1024K)]
  0x00007f33d0155d50 JavaThread "Finalizer"                  daemon [_thread_blocked, id=22741, stack(0x00007f33d43da000,0x00007f33d44da000) (1024K)]
  0x00007f33d0157830 JavaThread "Signal Dispatcher"          daemon [_thread_blocked, id=22742, stack(0x00007f33d42da000,0x00007f33d43da000) (1024K)]
  0x00007f33d0158e70 JavaThread "Service Thread"             daemon [_thread_blocked, id=22743, stack(0x00007f33d41da000,0x00007f33d42da000) (1024K)]
  0x00007f33d015a410 JavaThread "Monitor Deflation Thread"   daemon [_thread_blocked, id=22744, stack(0x00007f33d40da000,0x00007f33d41da000) (1024K)]
  0x00007f33d015bf50 JavaThread "C2 CompilerThread0"         daemon [_thread_blocked, id=22745, stack(0x00007f33cff00000,0x00007f33d0000000) (1024K)]
  0x00007f33d015d610 JavaThread "C1 CompilerThread0"         daemon [_thread_blocked, id=22746, stack(0x00007f33b8100000,0x00007f33b8200000) (1024K)]
  0x00007f33d0187700 JavaThread "Common-Cleaner"             daemon [_thread_blocked, id=22749, stack(0x00007f33b8000000,0x00007f33b8100000) (1024K)]
  0x00007f33140bfe50 JavaThread "C2 CompilerThread1"         daemon [_thread_blocked, id=22751, stack(0x00007f33b1f00000,0x00007f33b2000000) (1024K)]
  0x00007f33d0496180 JavaThread "Monitor Ctrl-Break"         daemon [_thread_in_native, id=22752, stack(0x00007f33b1e00000,0x00007f33b1f00000) (1024K)]
  0x00007f33d0498790 JavaThread "Notification Thread"        daemon [_thread_blocked, id=22753, stack(0x00007f33b1d00000,0x00007f33b1e00000) (1024K)]
  0x00007f33d0725800 JavaThread "Thread-0"                          [_thread_blocked, id=22756, stack(0x00007f33b184f000,0x00007f33b194f000) (1024K)]
  0x00007f32e4002760 JavaThread "restartedMain"                     [_thread_blocked, id=22757, stack(0x00007f33b174f000,0x00007f33b184f000) (1024K)]
  0x00007f3328000ff0 JavaThread "Attach Listener"            daemon [_thread_blocked, id=22759, stack(0x00007f33b164f000,0x00007f33b174f000) (1024K)]
  0x00007f32e017c510 JavaThread "background-preinit"                [_thread_blocked, id=22764, stack(0x00007f33b144e000,0x00007f33b154e000) (1024K)]
Total: 16

Other Threads:
  0x00007f33d01470c0 VMThread "VM Thread"                           [id=22732, stack(0x00007f33d45db000,0x00007f33d46db000) (1024K)]
  0x00007f33d012d220 WatcherThread "VM Periodic Task Thread"        [id=22731, stack(0x00007f33d46dc000,0x00007f33d47dc000) (1024K)]
  0x00007f33d0085a80 WorkerThread "GC Thread#0"                     [id=22724, stack(0x00007f33d77e4000,0x00007f33d78e4000) (1024K)]
=>0x00007f33480073d0 WorkerThread "GC Thread#1"                     [id=22754, stack(0x00007f33b1a51000,0x00007f33b1b51000) (1024K)]
  0x00007f3348007ee0 WorkerThread "GC Thread#2"                     [id=22755, stack(0x00007f33b1950000,0x00007f33b1a50000) (1024K)]
  0x00007f334800fc70 WorkerThread "GC Thread#3"                     [id=22760, stack(0x00007f33b154f000,0x00007f33b164f000) (1024K)]
  0x00007f33d00967f0 ConcurrentGCThread "G1 Main Marker"            [id=22725, stack(0x00007f33d6f00000,0x00007f33d7000000) (1024K)]
  0x00007f33d0097790 WorkerThread "G1 Conc#0"                       [id=22726, stack(0x00007f33d4f00000,0x00007f33d5000000) (1024K)]
  0x00007f33d0119830 ConcurrentGCThread "G1 Refine#0"               [id=22727, stack(0x00007f33d49fb000,0x00007f33d4afb000) (1024K)]
  0x00007f33d011a7e0 ConcurrentGCThread "G1 Service"                [id=22728, stack(0x00007f33d48fa000,0x00007f33d49fa000) (1024K)]
Total: 10

Threads with active compile tasks:
C2 CompilerThread0     2957 2325       4       jdk.internal.jimage.BasicImageReader::verifyLocation (39 bytes)
C2 CompilerThread1     2957 2347       4       jdk.internal.jimage.ImageLocation::verify (218 bytes)
Total: 2

VM state: at safepoint (normal execution)

VM Mutex/Monitor currently owned by a thread:  ([mutex/lock_event])
[0x00007f33d956fe20] Threads_lock - owner thread: 0x00007f33d01470c0
[0x00007f33d956fd20] Heap_lock - owner thread: 0x00007f33d00967f0

Heap address: 0x0000000084400000, size: 1980 MB, Compressed Oops mode: 32-bit

CDS archive(s) mapped at: [0x00007f335b000000-0x00007f335bcb3000-0x00007f335bcb3000), size 13316096, SharedBaseAddress: 0x00007f335b000000, ArchiveRelocationMode: 1.
Compressed class space mapped at: 0x00007f335c000000-0x00007f339c000000, reserved size: 1073741824
Narrow klass base: 0x00007f335b000000, Narrow klass shift: 0, Narrow klass range: 0x100000000

GC Precious Log:
 CardTable entry size: 512
 Card Set container configuration: InlinePtr #cards 5 size 8 Array Of Cards #cards 12 size 40 Howl #buckets 4 coarsen threshold 1843 Howl Bitmap #cards 512 size 80 coarsen threshold 460 Card regions per heap region 1 cards per card region 2048
 CPUs: 8 total, 4 available
 Memory: 7915M
 Large Page Support: Disabled
 NUMA Support: Disabled
 Compressed Oops: Enabled (32-bit)
 Heap Region Size: 1M
 Heap Min Capacity: 8M
 Heap Initial Capacity: 124M
 Heap Max Capacity: 1980M
 Pre-touch: Disabled
 Parallel Workers: 4
 Concurrent Workers: 1
 Concurrent Refinement Workers: 4
 Periodic GC: Disabled

Heap:
 garbage-first heap   total 129024K, used 15317K [0x0000000084400000, 0x0000000100000000)
  region size 1024K, 10 young (10240K), 7 survivors (7168K)
 Metaspace       used 21289K, committed 21632K, reserved 1114112K
  class space    used 2667K, committed 2816K, reserved 1048576K

Heap Regions: E=young(eden), S=young(survivor), O=old, HS=humongous(starts), HC=humongous(continues), CS=collection set, F=free, TAMS=top-at-mark-start, PB=parsable bottom
|   0|0x0000000084400000, 0x0000000084500000, 0x0000000084500000|100%|HS|  |TAMS 0x0000000084500000| PB 0x0000000084400000| Complete 
|   1|0x0000000084500000, 0x0000000084600000, 0x0000000084600000|100%| O|  |TAMS 0x0000000084600000| PB 0x0000000084500000| Untracked 
|   2|0x0000000084600000, 0x0000000084700000, 0x0000000084700000|100%| O|  |TAMS 0x0000000084700000| PB 0x0000000084600000| Untracked 
|   3|0x0000000084700000, 0x0000000084800000, 0x0000000084800000|100%| O|  |TAMS 0x0000000084800000| PB 0x0000000084700000| Untracked 
|   4|0x0000000084800000, 0x0000000084900000, 0x0000000084900000|100%| O|  |TAMS 0x0000000084900000| PB 0x0000000084800000| Untracked 
|   5|0x0000000084900000, 0x00000000849c6230, 0x0000000084a00000| 77%| O|  |TAMS 0x00000000849c6230| PB 0x0000000084900000| Untracked 
|   6|0x0000000084a00000, 0x0000000084a00000, 0x0000000084b00000|  0%| F|  |TAMS 0x0000000084a00000| PB 0x0000000084a00000| Untracked 
|   7|0x0000000084b00000, 0x0000000084b00000, 0x0000000084c00000|  0%| F|  |TAMS 0x0000000084b00000| PB 0x0000000084b00000| Untracked 
|   8|0x0000000084c00000, 0x0000000084c00000, 0x0000000084d00000|  0%| F|  |TAMS 0x0000000084c00000| PB 0x0000000084c00000| Untracked 
|   9|0x0000000084d00000, 0x0000000084d00000, 0x0000000084e00000|  0%| F|  |TAMS 0x0000000084d00000| PB 0x0000000084d00000| Untracked 
|  10|0x0000000084e00000, 0x0000000084e00000, 0x0000000084f00000|  0%| F|  |TAMS 0x0000000084e00000| PB 0x0000000084e00000| Untracked 
|  11|0x0000000084f00000, 0x0000000084f00000, 0x0000000085000000|  0%| F|  |TAMS 0x0000000084f00000| PB 0x0000000084f00000| Untracked 
|  12|0x0000000085000000, 0x0000000085000000, 0x0000000085100000|  0%| F|  |TAMS 0x0000000085000000| PB 0x0000000085000000| Untracked 
|  13|0x0000000085100000, 0x0000000085100000, 0x0000000085200000|  0%| F|  |TAMS 0x0000000085100000| PB 0x0000000085100000| Untracked 
|  14|0x0000000085200000, 0x0000000085200000, 0x0000000085300000|  0%| F|  |TAMS 0x0000000085200000| PB 0x0000000085200000| Untracked 
|  15|0x0000000085300000, 0x0000000085300000, 0x0000000085400000|  0%| F|  |TAMS 0x0000000085300000| PB 0x0000000085300000| Untracked 
|  16|0x0000000085400000, 0x0000000085400000, 0x0000000085500000|  0%| F|  |TAMS 0x0000000085400000| PB 0x0000000085400000| Untracked 
|  17|0x0000000085500000, 0x0000000085500000, 0x0000000085600000|  0%| F|  |TAMS 0x0000000085500000| PB 0x0000000085500000| Untracked 
|  18|0x0000000085600000, 0x0000000085600000, 0x0000000085700000|  0%| F|  |TAMS 0x0000000085600000| PB 0x0000000085600000| Untracked 
|  19|0x0000000085700000, 0x0000000085700000, 0x0000000085800000|  0%| F|  |TAMS 0x0000000085700000| PB 0x0000000085700000| Untracked 
|  20|0x0000000085800000, 0x0000000085800000, 0x0000000085900000|  0%| F|  |TAMS 0x0000000085800000| PB 0x0000000085800000| Untracked 
|  21|0x0000000085900000, 0x0000000085900000, 0x0000000085a00000|  0%| F|  |TAMS 0x0000000085900000| PB 0x0000000085900000| Untracked 
|  22|0x0000000085a00000, 0x0000000085a00000, 0x0000000085b00000|  0%| F|  |TAMS 0x0000000085a00000| PB 0x0000000085a00000| Untracked 
|  23|0x0000000085b00000, 0x0000000085b00000, 0x0000000085c00000|  0%| F|  |TAMS 0x0000000085b00000| PB 0x0000000085b00000| Untracked 
|  24|0x0000000085c00000, 0x0000000085c00000, 0x0000000085d00000|  0%| F|  |TAMS 0x0000000085c00000| PB 0x0000000085c00000| Untracked 
|  25|0x0000000085d00000, 0x0000000085d00000, 0x0000000085e00000|  0%| F|  |TAMS 0x0000000085d00000| PB 0x0000000085d00000| Untracked 
|  26|0x0000000085e00000, 0x0000000085e00000, 0x0000000085f00000|  0%| F|  |TAMS 0x0000000085e00000| PB 0x0000000085e00000| Untracked 
|  27|0x0000000085f00000, 0x0000000085f00000, 0x0000000086000000|  0%| F|  |TAMS 0x0000000085f00000| PB 0x0000000085f00000| Untracked 
|  28|0x0000000086000000, 0x0000000086000000, 0x0000000086100000|  0%| F|  |TAMS 0x0000000086000000| PB 0x0000000086000000| Untracked 
|  29|0x0000000086100000, 0x0000000086100000, 0x0000000086200000|  0%| F|  |TAMS 0x0000000086100000| PB 0x0000000086100000| Untracked 
|  30|0x0000000086200000, 0x0000000086200000, 0x0000000086300000|  0%| F|  |TAMS 0x0000000086200000| PB 0x0000000086200000| Untracked 
|  31|0x0000000086300000, 0x0000000086300000, 0x0000000086400000|  0%| F|  |TAMS 0x0000000086300000| PB 0x0000000086300000| Untracked 
|  32|0x0000000086400000, 0x0000000086400000, 0x0000000086500000|  0%| F|  |TAMS 0x0000000086400000| PB 0x0000000086400000| Untracked 
|  33|0x0000000086500000, 0x0000000086500000, 0x0000000086600000|  0%| F|  |TAMS 0x0000000086500000| PB 0x0000000086500000| Untracked 
|  34|0x0000000086600000, 0x0000000086600000, 0x0000000086700000|  0%| F|  |TAMS 0x0000000086600000| PB 0x0000000086600000| Untracked 
|  35|0x0000000086700000, 0x0000000086700000, 0x0000000086800000|  0%| F|  |TAMS 0x0000000086700000| PB 0x0000000086700000| Untracked 
|  36|0x0000000086800000, 0x0000000086800000, 0x0000000086900000|  0%| F|  |TAMS 0x0000000086800000| PB 0x0000000086800000| Untracked 
|  37|0x0000000086900000, 0x0000000086900000, 0x0000000086a00000|  0%| F|  |TAMS 0x0000000086900000| PB 0x0000000086900000| Untracked 
|  38|0x0000000086a00000, 0x0000000086a00000, 0x0000000086b00000|  0%| F|  |TAMS 0x0000000086a00000| PB 0x0000000086a00000| Untracked 
|  39|0x0000000086b00000, 0x0000000086b00000, 0x0000000086c00000|  0%| F|  |TAMS 0x0000000086b00000| PB 0x0000000086b00000| Untracked 
|  40|0x0000000086c00000, 0x0000000086c00000, 0x0000000086d00000|  0%| F|  |TAMS 0x0000000086c00000| PB 0x0000000086c00000| Untracked 
|  41|0x0000000086d00000, 0x0000000086d00000, 0x0000000086e00000|  0%| F|  |TAMS 0x0000000086d00000| PB 0x0000000086d00000| Untracked 
|  42|0x0000000086e00000, 0x0000000086e00000, 0x0000000086f00000|  0%| F|  |TAMS 0x0000000086e00000| PB 0x0000000086e00000| Untracked 
|  43|0x0000000086f00000, 0x0000000086f00000, 0x0000000087000000|  0%| F|  |TAMS 0x0000000086f00000| PB 0x0000000086f00000| Untracked 
|  44|0x0000000087000000, 0x0000000087000000, 0x0000000087100000|  0%| F|  |TAMS 0x0000000087000000| PB 0x0000000087000000| Untracked 
|  45|0x0000000087100000, 0x0000000087100000, 0x0000000087200000|  0%| F|  |TAMS 0x0000000087100000| PB 0x0000000087100000| Untracked 
|  46|0x0000000087200000, 0x0000000087200000, 0x0000000087300000|  0%| F|  |TAMS 0x0000000087200000| PB 0x0000000087200000| Untracked 
|  47|0x0000000087300000, 0x0000000087300000, 0x0000000087400000|  0%| F|  |TAMS 0x0000000087300000| PB 0x0000000087300000| Untracked 
|  48|0x0000000087400000, 0x0000000087400000, 0x0000000087500000|  0%| F|  |TAMS 0x0000000087400000| PB 0x0000000087400000| Untracked 
|  49|0x0000000087500000, 0x0000000087500000, 0x0000000087600000|  0%| F|  |TAMS 0x0000000087500000| PB 0x0000000087500000| Untracked 
|  50|0x0000000087600000, 0x0000000087600000, 0x0000000087700000|  0%| F|  |TAMS 0x0000000087600000| PB 0x0000000087600000| Untracked 
|  51|0x0000000087700000, 0x0000000087700000, 0x0000000087800000|  0%| F|  |TAMS 0x0000000087700000| PB 0x0000000087700000| Untracked 
|  52|0x0000000087800000, 0x0000000087800000, 0x0000000087900000|  0%| F|  |TAMS 0x0000000087800000| PB 0x0000000087800000| Untracked 
|  53|0x0000000087900000, 0x0000000087900000, 0x0000000087a00000|  0%| F|  |TAMS 0x0000000087900000| PB 0x0000000087900000| Untracked 
|  54|0x0000000087a00000, 0x0000000087a00000, 0x0000000087b00000|  0%| F|  |TAMS 0x0000000087a00000| PB 0x0000000087a00000| Untracked 
|  55|0x0000000087b00000, 0x0000000087b00000, 0x0000000087c00000|  0%| F|  |TAMS 0x0000000087b00000| PB 0x0000000087b00000| Untracked 
|  56|0x0000000087c00000, 0x0000000087c00000, 0x0000000087d00000|  0%| F|  |TAMS 0x0000000087c00000| PB 0x0000000087c00000| Untracked 
|  57|0x0000000087d00000, 0x0000000087d00000, 0x0000000087e00000|  0%| F|  |TAMS 0x0000000087d00000| PB 0x0000000087d00000| Untracked 
|  58|0x0000000087e00000, 0x0000000087e00000, 0x0000000087f00000|  0%| F|  |TAMS 0x0000000087e00000| PB 0x0000000087e00000| Untracked 
|  59|0x0000000087f00000, 0x0000000087f00000, 0x0000000088000000|  0%| F|  |TAMS 0x0000000087f00000| PB 0x0000000087f00000| Untracked 
|  60|0x0000000088000000, 0x0000000088000000, 0x0000000088100000|  0%| F|  |TAMS 0x0000000088000000| PB 0x0000000088000000| Untracked 
|  61|0x0000000088100000, 0x0000000088100000, 0x0000000088200000|  0%| F|  |TAMS 0x0000000088100000| PB 0x0000000088100000| Untracked 
|  62|0x0000000088200000, 0x0000000088200000, 0x0000000088300000|  0%| F|  |TAMS 0x0000000088200000| PB 0x0000000088200000| Untracked 
|  63|0x0000000088300000, 0x0000000088300000, 0x0000000088400000|  0%| F|  |TAMS 0x0000000088300000| PB 0x0000000088300000| Untracked 
|  64|0x0000000088400000, 0x0000000088400000, 0x0000000088500000|  0%| F|  |TAMS 0x0000000088400000| PB 0x0000000088400000| Untracked 
|  65|0x0000000088500000, 0x0000000088500000, 0x0000000088600000|  0%| F|  |TAMS 0x0000000088500000| PB 0x0000000088500000| Untracked 
|  66|0x0000000088600000, 0x0000000088600000, 0x0000000088700000|  0%| F|  |TAMS 0x0000000088600000| PB 0x0000000088600000| Untracked 
|  67|0x0000000088700000, 0x0000000088700000, 0x0000000088800000|  0%| F|  |TAMS 0x0000000088700000| PB 0x0000000088700000| Untracked 
|  68|0x0000000088800000, 0x0000000088800000, 0x0000000088900000|  0%| F|  |TAMS 0x0000000088800000| PB 0x0000000088800000| Untracked 
|  69|0x0000000088900000, 0x0000000088900000, 0x0000000088a00000|  0%| F|  |TAMS 0x0000000088900000| PB 0x0000000088900000| Untracked 
|  70|0x0000000088a00000, 0x0000000088a00000, 0x0000000088b00000|  0%| F|  |TAMS 0x0000000088a00000| PB 0x0000000088a00000| Untracked 
|  71|0x0000000088b00000, 0x0000000088b00000, 0x0000000088c00000|  0%| F|  |TAMS 0x0000000088b00000| PB 0x0000000088b00000| Untracked 
|  72|0x0000000088c00000, 0x0000000088c00000, 0x0000000088d00000|  0%| F|  |TAMS 0x0000000088c00000| PB 0x0000000088c00000| Untracked 
|  73|0x0000000088d00000, 0x0000000088d00000, 0x0000000088e00000|  0%| F|  |TAMS 0x0000000088d00000| PB 0x0000000088d00000| Untracked 
|  74|0x0000000088e00000, 0x0000000088e00000, 0x0000000088f00000|  0%| F|  |TAMS 0x0000000088e00000| PB 0x0000000088e00000| Untracked 
|  75|0x0000000088f00000, 0x0000000088f00000, 0x0000000089000000|  0%| F|  |TAMS 0x0000000088f00000| PB 0x0000000088f00000| Untracked 
|  76|0x0000000089000000, 0x0000000089000000, 0x0000000089100000|  0%| F|  |TAMS 0x0000000089000000| PB 0x0000000089000000| Untracked 
|  77|0x0000000089100000, 0x0000000089100000, 0x0000000089200000|  0%| F|  |TAMS 0x0000000089100000| PB 0x0000000089100000| Untracked 
|  78|0x0000000089200000, 0x0000000089200000, 0x0000000089300000|  0%| F|  |TAMS 0x0000000089200000| PB 0x0000000089200000| Untracked 
|  79|0x0000000089300000, 0x0000000089300000, 0x0000000089400000|  0%| F|  |TAMS 0x0000000089300000| PB 0x0000000089300000| Untracked 
|  80|0x0000000089400000, 0x0000000089400000, 0x0000000089500000|  0%| F|  |TAMS 0x0000000089400000| PB 0x0000000089400000| Untracked 
|  81|0x0000000089500000, 0x0000000089500000, 0x0000000089600000|  0%| F|  |TAMS 0x0000000089500000| PB 0x0000000089500000| Untracked 
|  82|0x0000000089600000, 0x0000000089600000, 0x0000000089700000|  0%| F|  |TAMS 0x0000000089600000| PB 0x0000000089600000| Untracked 
|  83|0x0000000089700000, 0x0000000089700000, 0x0000000089800000|  0%| F|  |TAMS 0x0000000089700000| PB 0x0000000089700000| Untracked 
|  84|0x0000000089800000, 0x0000000089800000, 0x0000000089900000|  0%| F|  |TAMS 0x0000000089800000| PB 0x0000000089800000| Untracked 
|  85|0x0000000089900000, 0x0000000089900000, 0x0000000089a00000|  0%| F|  |TAMS 0x0000000089900000| PB 0x0000000089900000| Untracked 
|  86|0x0000000089a00000, 0x0000000089a00000, 0x0000000089b00000|  0%| F|  |TAMS 0x0000000089a00000| PB 0x0000000089a00000| Untracked 
|  87|0x0000000089b00000, 0x0000000089b00000, 0x0000000089c00000|  0%| F|  |TAMS 0x0000000089b00000| PB 0x0000000089b00000| Untracked 
|  88|0x0000000089c00000, 0x0000000089c00000, 0x0000000089d00000|  0%| F|  |TAMS 0x0000000089c00000| PB 0x0000000089c00000| Untracked 
|  89|0x0000000089d00000, 0x0000000089d00000, 0x0000000089e00000|  0%| F|  |TAMS 0x0000000089d00000| PB 0x0000000089d00000| Untracked 
|  90|0x0000000089e00000, 0x0000000089e00000, 0x0000000089f00000|  0%| F|  |TAMS 0x0000000089e00000| PB 0x0000000089e00000| Untracked 
|  91|0x0000000089f00000, 0x0000000089f00000, 0x000000008a000000|  0%| F|  |TAMS 0x0000000089f00000| PB 0x0000000089f00000| Untracked 
|  92|0x000000008a000000, 0x000000008a000000, 0x000000008a100000|  0%| F|  |TAMS 0x000000008a000000| PB 0x000000008a000000| Untracked 
|  93|0x000000008a100000, 0x000000008a100000, 0x000000008a200000|  0%| F|  |TAMS 0x000000008a100000| PB 0x000000008a100000| Untracked 
|  94|0x000000008a200000, 0x000000008a227150, 0x000000008a300000| 15%| S|CS|TAMS 0x000000008a200000| PB 0x000000008a200000| Complete 
|  95|0x000000008a300000, 0x000000008a400000, 0x000000008a400000|100%| S|CS|TAMS 0x000000008a300000| PB 0x000000008a300000| Complete 
|  96|0x000000008a400000, 0x000000008a500000, 0x000000008a500000|100%| S|CS|TAMS 0x000000008a400000| PB 0x000000008a400000| Complete 
|  97|0x000000008a500000, 0x000000008a600000, 0x000000008a600000|100%| S|CS|TAMS 0x000000008a500000| PB 0x000000008a500000| Complete 
|  98|0x000000008a600000, 0x000000008a700000, 0x000000008a700000|100%| S|CS|TAMS 0x000000008a600000| PB 0x000000008a600000| Complete 
|  99|0x000000008a700000, 0x000000008a800000, 0x000000008a800000|100%| S|CS|TAMS 0x000000008a700000| PB 0x000000008a700000| Complete 
| 100|0x000000008a800000, 0x000000008a900000, 0x000000008a900000|100%| S|CS|TAMS 0x000000008a800000| PB 0x000000008a800000| Complete 
| 101|0x000000008a900000, 0x000000008a900000, 0x000000008aa00000|  0%| F|  |TAMS 0x000000008a900000| PB 0x000000008a900000| Untracked 
| 102|0x000000008aa00000, 0x000000008aa00000, 0x000000008ab00000|  0%| F|  |TAMS 0x000000008aa00000| PB 0x000000008aa00000| Untracked 
| 103|0x000000008ab00000, 0x000000008ab00000, 0x000000008ac00000|  0%| F|  |TAMS 0x000000008ab00000| PB 0x000000008ab00000| Untracked 
| 104|0x000000008ac00000, 0x000000008ac00000, 0x000000008ad00000|  0%| F|  |TAMS 0x000000008ac00000| PB 0x000000008ac00000| Untracked 
| 105|0x000000008ad00000, 0x000000008ad00000, 0x000000008ae00000|  0%| F|  |TAMS 0x000000008ad00000| PB 0x000000008ad00000| Untracked 
| 106|0x000000008ae00000, 0x000000008ae00000, 0x000000008af00000|  0%| F|  |TAMS 0x000000008ae00000| PB 0x000000008ae00000| Untracked 
| 107|0x000000008af00000, 0x000000008af00000, 0x000000008b000000|  0%| F|  |TAMS 0x000000008af00000| PB 0x000000008af00000| Untracked 
| 108|0x000000008b000000, 0x000000008b000000, 0x000000008b100000|  0%| F|  |TAMS 0x000000008b000000| PB 0x000000008b000000| Untracked 
| 109|0x000000008b100000, 0x000000008b100000, 0x000000008b200000|  0%| F|  |TAMS 0x000000008b100000| PB 0x000000008b100000| Untracked 
| 110|0x000000008b200000, 0x000000008b200000, 0x000000008b300000|  0%| F|  |TAMS 0x000000008b200000| PB 0x000000008b200000| Untracked 
| 111|0x000000008b300000, 0x000000008b300000, 0x000000008b400000|  0%| F|  |TAMS 0x000000008b300000| PB 0x000000008b300000| Untracked 
| 112|0x000000008b400000, 0x000000008b400000, 0x000000008b500000|  0%| F|  |TAMS 0x000000008b400000| PB 0x000000008b400000| Untracked 
| 113|0x000000008b500000, 0x000000008b500000, 0x000000008b600000|  0%| F|  |TAMS 0x000000008b500000| PB 0x000000008b500000| Untracked 
| 114|0x000000008b600000, 0x000000008b600000, 0x000000008b700000|  0%| F|  |TAMS 0x000000008b600000| PB 0x000000008b600000| Untracked 
| 115|0x000000008b700000, 0x000000008b700000, 0x000000008b800000|  0%| F|  |TAMS 0x000000008b700000| PB 0x000000008b700000| Untracked 
| 116|0x000000008b800000, 0x000000008b800000, 0x000000008b900000|  0%| F|  |TAMS 0x000000008b800000| PB 0x000000008b800000| Untracked 
| 117|0x000000008b900000, 0x000000008b900000, 0x000000008ba00000|  0%| F|  |TAMS 0x000000008b900000| PB 0x000000008b900000| Untracked 
| 118|0x000000008ba00000, 0x000000008ba00000, 0x000000008bb00000|  0%| F|  |TAMS 0x000000008ba00000| PB 0x000000008ba00000| Untracked 
| 119|0x000000008bb00000, 0x000000008bb00000, 0x000000008bc00000|  0%| F|  |TAMS 0x000000008bb00000| PB 0x000000008bb00000| Untracked 
| 120|0x000000008bc00000, 0x000000008bc00000, 0x000000008bd00000|  0%| F|  |TAMS 0x000000008bc00000| PB 0x000000008bc00000| Untracked 
| 121|0x000000008bd00000, 0x000000008bd77838, 0x000000008be00000| 46%| E|  |TAMS 0x000000008bd00000| PB 0x000000008bd00000| Complete 
| 122|0x000000008be00000, 0x000000008bf00000, 0x000000008bf00000|100%| E|CS|TAMS 0x000000008be00000| PB 0x000000008be00000| Complete 
| 123|0x000000008bf00000, 0x000000008c000000, 0x000000008c000000|100%| E|CS|TAMS 0x000000008bf00000| PB 0x000000008bf00000| Complete 
|1978|0x00000000ffe00000, 0x00000000fff00000, 0x00000000fff00000|100%| O|  |TAMS 0x00000000fff00000| PB 0x00000000ffe00000| Untracked 
|1979|0x00000000fff00000, 0x00000000fff08168, 0x0000000100000000|  3%| O|  |TAMS 0x00000000fff08168| PB 0x00000000fff00000| Untracked 

Card table byte_map: [0x00007f33d7000000,0x00007f33d73de000] _byte_map_base: 0x00007f33d6bde000

Marking Bits: (CMBitMap*) 0x00007f33d00865a0
 Bits: [0x00007f33d5000000, 0x00007f33d6ef0000)

Polling page: 0x00007f33d9917000

Metaspace:

Usage:
  Non-class:     18,19 MB used.
      Class:      2,61 MB used.
       Both:     20,79 MB used.

Virtual space:
  Non-class space:       64,00 MB reserved,      18,38 MB ( 29%) committed,  1 nodes.
      Class space:        1,00 GB reserved,       2,75 MB ( <1%) committed,  1 nodes.
             Both:        1,06 GB reserved,      21,12 MB (  2%) committed. 

Chunk freelists:
   Non-Class:  12,75 MB
       Class:  13,11 MB
        Both:  25,86 MB

MaxMetaspaceSize: unlimited
CompressedClassSpaceSize: 1,00 GB
Initial GC threshold: 21,00 MB
Current GC threshold: 21,31 MB
CDS: on
 - commit_granule_bytes: 65536.
 - commit_granule_words: 8192.
 - virtual_space_node_default_size: 8388608.
 - enlarge_chunks_in_place: 1.
 - use_allocation_guard: 0.


Internal statistics:

num_allocs_failed_limit: 3.
num_arena_births: 274.
num_arena_deaths: 0.
num_vsnodes_births: 2.
num_vsnodes_deaths: 0.
num_space_committed: 338.
num_space_uncommitted: 0.
num_chunks_returned_to_freelist: 3.
num_chunks_taken_from_freelist: 977.
num_chunk_merges: 0.
num_chunk_splits: 664.
num_chunks_enlarged: 495.
num_inconsistent_stats: 0.

CodeHeap 'non-profiled nmethods': size=120032Kb used=1017Kb max_used=1017Kb free=119014Kb
 bounds [0x00007f33bfcc8000, 0x00007f33bff38000, 0x00007f33c7200000]
CodeHeap 'profiled nmethods': size=120028Kb used=4396Kb max_used=4396Kb free=115631Kb
 bounds [0x00007f33b8200000, 0x00007f33b8650000, 0x00007f33bf737000]
CodeHeap 'non-nmethods': size=5700Kb used=1424Kb max_used=1452Kb free=4275Kb
 bounds [0x00007f33bf737000, 0x00007f33bf9a7000, 0x00007f33bfcc8000]
 total_blobs=2919 nmethods=2390 adapters=435
 compilation: enabled
              stopped_count=0, restarted_count=0
 full_count=0

Compilation events (20 events):
Event: 2,905 Thread 0x00007f33d015d610 2394       3       java.security.Provider$ServiceKey::hashCode (19 bytes)
Event: 2,905 Thread 0x00007f33d015d610 nmethod 2394 0x00007f33b8647590 code [0x00007f33b8647740, 0x00007f33b86478d8]
Event: 2,905 Thread 0x00007f33d015d610 2380       3       org.springframework.core.annotation.MergedAnnotationPredicates::lambda$typeIn$1 (11 bytes)
Event: 2,905 Thread 0x00007f33d015d610 nmethod 2380 0x00007f33b8647a10 code [0x00007f33b8647bc0, 0x00007f33b8647db0]
Event: 2,905 Thread 0x00007f33d015d610 2395       3       java.security.Provider$ServiceKey::<init> (39 bytes)
Event: 2,905 Thread 0x00007f33d015d610 nmethod 2395 0x00007f33b8647e90 code [0x00007f33b8648080, 0x00007f33b8648580]
Event: 2,905 Thread 0x00007f33d015d610 2381       1       sun.security.util.KnownOIDs::aliases (5 bytes)
Event: 2,906 Thread 0x00007f33d015d610 nmethod 2381 0x00007f33bfdc6210 code [0x00007f33bfdc63a0, 0x00007f33bfdc6460]
Event: 2,910 Thread 0x00007f33d015d610 2398       3       java.lang.invoke.LambdaForm$MH/0x00007f335c01bc00::invoke (94 bytes)
Event: 2,910 Thread 0x00007f33d015d610 nmethod 2398 0x00007f33b8648790 code [0x00007f33b86489c0, 0x00007f33b86494d0]
Event: 2,910 Thread 0x00007f33d015d610 2399       3       java.lang.invoke.LambdaForm$MH/0x00007f335c01b400::invoke (27 bytes)
Event: 2,910 Thread 0x00007f33d015d610 nmethod 2399 0x00007f33b8649790 code [0x00007f33b8649940, 0x00007f33b8649d48]
Event: 2,910 Thread 0x00007f33d015d610 2401       3       java.util.LinkedHashSet::<init> (9 bytes)
Event: 2,910 Thread 0x00007f33d015d610 nmethod 2401 0x00007f33b8649e90 code [0x00007f33b864a040, 0x00007f33b864a188]
Event: 2,910 Thread 0x00007f33d015d610 2397       3       java.util.stream.ReferencePipeline::toArray (18 bytes)
Event: 2,911 Thread 0x00007f33d015d610 nmethod 2397 0x00007f33b864a210 code [0x00007f33b864a3c0, 0x00007f33b864a610]
Event: 2,911 Thread 0x00007f33d015d610 2396       3       java.util.ArrayList::toArray (12 bytes)
Event: 2,911 Thread 0x00007f33d015d610 nmethod 2396 0x00007f33b864a710 code [0x00007f33b864a8c0, 0x00007f33b864aa98]
Event: 2,911 Thread 0x00007f33d015d610 2400       3       org.springframework.core.io.ClassPathResource::getClassLoader (22 bytes)
Event: 2,911 Thread 0x00007f33d015d610 nmethod 2400 0x00007f33b864ab90 code [0x00007f33b864ad40, 0x00007f33b864b048]

GC Heap History (8 events):
Event: 0,729 GC heap before
{Heap before GC invocations=0 (full 0):
 garbage-first heap   total 129024K, used 14368K [0x0000000084400000, 0x0000000100000000)
  region size 1024K, 13 young (13312K), 0 survivors (0K)
 Metaspace       used 3989K, committed 4160K, reserved 1114112K
  class space    used 422K, committed 512K, reserved 1048576K
}
Event: 0,735 GC heap after
{Heap after GC invocations=1 (full 0):
 garbage-first heap   total 129024K, used 6877K [0x0000000084400000, 0x0000000100000000)
  region size 1024K, 2 young (2048K), 2 survivors (2048K)
 Metaspace       used 3989K, committed 4160K, reserved 1114112K
  class space    used 422K, committed 512K, reserved 1048576K
}
Event: 1,157 GC heap before
{Heap before GC invocations=1 (full 0):
 garbage-first heap   total 129024K, used 19165K [0x0000000084400000, 0x0000000100000000)
  region size 1024K, 14 young (14336K), 2 survivors (2048K)
 Metaspace       used 7111K, committed 7360K, reserved 1114112K
  class space    used 816K, committed 960K, reserved 1048576K
}
Event: 1,163 GC heap after
{Heap after GC invocations=2 (full 0):
 garbage-first heap   total 129024K, used 7836K [0x0000000084400000, 0x0000000100000000)
  region size 1024K, 1 young (1024K), 1 survivors (1024K)
 Metaspace       used 7111K, committed 7360K, reserved 1114112K
  class space    used 816K, committed 960K, reserved 1048576K
}
Event: 2,189 GC heap before
{Heap before GC invocations=2 (full 0):
 garbage-first heap   total 129024K, used 43676K [0x0000000084400000, 0x0000000100000000)
  region size 1024K, 37 young (37888K), 1 survivors (1024K)
 Metaspace       used 16523K, committed 16832K, reserved 1114112K
  class space    used 2069K, committed 2176K, reserved 1048576K
}
Event: 2,212 GC heap after
{Heap after GC invocations=3 (full 0):
 garbage-first heap   total 129024K, used 11064K [0x0000000084400000, 0x0000000100000000)
  region size 1024K, 4 young (4096K), 4 survivors (4096K)
 Metaspace       used 16523K, committed 16832K, reserved 1114112K
  class space    used 2069K, committed 2176K, reserved 1048576K
}
Event: 2,855 GC heap before
{Heap before GC invocations=3 (full 0):
 garbage-first heap   total 129024K, used 32568K [0x0000000084400000, 0x0000000100000000)
  region size 1024K, 27 young (27648K), 4 survivors (4096K)
 Metaspace       used 21200K, committed 21504K, reserved 1114112K
  class space    used 2659K, committed 2816K, reserved 1048576K
}
Event: 2,870 GC heap after
{Heap after GC invocations=4 (full 0):
 garbage-first heap   total 129024K, used 13269K [0x0000000084400000, 0x0000000100000000)
  region size 1024K, 7 young (7168K), 7 survivors (7168K)
 Metaspace       used 21200K, committed 21504K, reserved 1114112K
  class space    used 2659K, committed 2816K, reserved 1048576K
}

Dll operation events (12 events):
Event: 0,012 Loaded shared library /usr/lib/jvm/java-21-openjdk-21.0.4.0.7-2.fc40.x86_64/lib/libjava.so
Event: 0,084 Loaded shared library /usr/lib/jvm/java-21-openjdk-21.0.4.0.7-2.fc40.x86_64/lib/libjsvml.so
Event: 0,189 Loaded shared library /usr/lib/jvm/java-21-openjdk-21.0.4.0.7-2.fc40.x86_64/lib/libzip.so
Event: 0,195 Loaded shared library /usr/lib/jvm/java-21-openjdk-21.0.4.0.7-2.fc40.x86_64/lib/libinstrument.so
Event: 0,204 Loaded shared library /usr/lib/jvm/java-21-openjdk-21.0.4.0.7-2.fc40.x86_64/lib/libnio.so
Event: 0,207 Loaded shared library /usr/lib/jvm/java-21-openjdk-21.0.4.0.7-2.fc40.x86_64/lib/libzip.so
Event: 0,313 Loaded shared library /usr/lib/jvm/java-21-openjdk-21.0.4.0.7-2.fc40.x86_64/lib/libnet.so
Event: 0,319 Loaded shared library /usr/lib/jvm/java-21-openjdk-21.0.4.0.7-2.fc40.x86_64/lib/libextnet.so
Event: 0,384 Loaded shared library /usr/lib/jvm/java-21-openjdk-21.0.4.0.7-2.fc40.x86_64/lib/libjimage.so
Event: 0,433 Loaded shared library /usr/lib/jvm/java-21-openjdk-21.0.4.0.7-2.fc40.x86_64/lib/libsystemconf.so
Event: 0,800 Loaded shared library /usr/lib/jvm/java-21-openjdk-21.0.4.0.7-2.fc40.x86_64/lib/libmanagement.so
Event: 0,802 Loaded shared library /usr/lib/jvm/java-21-openjdk-21.0.4.0.7-2.fc40.x86_64/lib/libmanagement_ext.so

Deoptimization events (20 events):
Event: 2,722 Thread 0x00007f32e017c510 DEOPT PACKING pc=0x00007f33bfd848d8 sp=0x00007f33b154bd50
Event: 2,722 Thread 0x00007f32e017c510 DEOPT UNPACKING pc=0x00007f33bf78af99 sp=0x00007f33b154bd18 mode 2
Event: 2,724 Thread 0x00007f32e4002760 Uncommon trap: trap_request=0xffffff45 fr.pc=0x00007f33bfd41c9c relative=0x0000000000000a7c
Event: 2,724 Thread 0x00007f32e4002760 Uncommon trap: reason=unstable_if action=reinterpret pc=0x00007f33bfd41c9c method=jdk.internal.org.objectweb.asm.SymbolTable.put(Ljdk/internal/org/objectweb/asm/SymbolTable$Entry;)Ljdk/internal/org/objectweb/asm/SymbolTable$Entry; @ 13 c2
Event: 2,724 Thread 0x00007f32e4002760 DEOPT PACKING pc=0x00007f33bfd41c9c sp=0x00007f33b184af20
Event: 2,724 Thread 0x00007f32e4002760 DEOPT UNPACKING pc=0x00007f33bf78af99 sp=0x00007f33b184ae48 mode 2
Event: 2,735 Thread 0x00007f32e4002760 Uncommon trap: trap_request=0xffffffc6 fr.pc=0x00007f33bfdb0eb8 relative=0x00000000000008d8
Event: 2,735 Thread 0x00007f32e4002760 Uncommon trap: reason=bimorphic_or_optimized_type_check action=maybe_recompile pc=0x00007f33bfdb0eb8 method=java.util.HashMap.putVal(ILjava/lang/Object;Ljava/lang/Object;ZZ)Ljava/lang/Object; @ 203 c2
Event: 2,735 Thread 0x00007f32e4002760 DEOPT PACKING pc=0x00007f33bfdb0eb8 sp=0x00007f33b184c8a0
Event: 2,735 Thread 0x00007f32e4002760 DEOPT UNPACKING pc=0x00007f33bf78af99 sp=0x00007f33b184c758 mode 2
Event: 2,736 Thread 0x00007f32e017c510 Uncommon trap: trap_request=0xffffff45 fr.pc=0x00007f33bfda8648 relative=0x0000000000000728
Event: 2,736 Thread 0x00007f32e017c510 Uncommon trap: reason=unstable_if action=reinterpret pc=0x00007f33bfda8648 method=java.util.Properties.loadConvert([CIILjava/lang/StringBuilder;)Ljava/lang/String; @ 148 c2
Event: 2,736 Thread 0x00007f32e017c510 DEOPT PACKING pc=0x00007f33bfda8648 sp=0x00007f33b154b490
Event: 2,736 Thread 0x00007f32e017c510 DEOPT UNPACKING pc=0x00007f33bf78af99 sp=0x00007f33b154b430 mode 2
Event: 2,736 Thread 0x00007f32e017c510 Uncommon trap: trap_request=0xffffff45 fr.pc=0x00007f33bfd4a8f8 relative=0x00000000000004b8
Event: 2,736 Thread 0x00007f32e017c510 Uncommon trap: reason=unstable_if action=reinterpret pc=0x00007f33bfd4a8f8 method=java.lang.AbstractStringBuilder.isLatin1()Z @ 10 c2
Event: 2,736 Thread 0x00007f32e017c510 DEOPT PACKING pc=0x00007f33bfd4a8f8 sp=0x00007f33b154b3f0
Event: 2,736 Thread 0x00007f32e017c510 DEOPT UNPACKING pc=0x00007f33bf78af99 sp=0x00007f33b154b278 mode 2
Event: 2,741 Thread 0x00007f32e017c510 DEOPT PACKING pc=0x00007f33b858c112 sp=0x00007f33b154b6a0
Event: 2,741 Thread 0x00007f32e017c510 DEOPT UNPACKING pc=0x00007f33bf78b72f sp=0x00007f33b154abb8 mode 0

Classes loaded (20 events):
Event: 2,851 Loading class java/security/spec/AlgorithmParameterSpec
Event: 2,851 Loading class java/security/spec/AlgorithmParameterSpec done
Event: 2,851 Loading class java/security/spec/ECParameterSpec done
Event: 2,851 Loading class sun/security/util/NamedCurve done
Event: 2,851 Loading class sun/security/util/DerOutputStream
Event: 2,851 Loading class sun/security/util/DerEncoder
Event: 2,851 Loading class sun/security/util/DerEncoder done
Event: 2,851 Loading class sun/security/util/DerOutputStream done
Event: 2,855 Loading class sun/security/util/ByteArrayLexOrder
Event: 2,855 Loading class sun/security/util/ByteArrayLexOrder done
Event: 2,855 Loading class sun/security/util/ByteArrayTagOrder
Event: 2,855 Loading class sun/security/util/ByteArrayTagOrder done
Event: 2,855 Loading class sun/security/util/ObjectIdentifier
Event: 2,871 Loading class sun/security/util/ObjectIdentifier done
Event: 2,881 Loading class java/security/spec/ECFieldF2m
Event: 2,882 Loading class java/security/spec/ECFieldF2m done
Event: 2,899 Loading class sun/security/ssl/SunJSSE
Event: 2,899 Loading class sun/security/ssl/SunJSSE done
Event: 2,901 Loading class com/sun/crypto/provider/SunJCE
Event: 2,904 Loading class com/sun/crypto/provider/SunJCE done

Classes unloaded (0 events):
No events

Classes redefined (0 events):
No events

Internal exceptions (20 events):
Event: 1,380 Thread 0x00007f32e4002760 Exception <a 'java/lang/NoSuchMethodError'{0x000000008ba9ed80}: 'void java.lang.invoke.DirectMethodHandle$Holder.invokeInterface(java.lang.Object, java.lang.Object, java.lang.Object)'> (0x000000008ba9ed80) 
thrown [src/hotspot/share/interpreter/linkResolver.cpp, line 772]
Event: 1,416 Thread 0x00007f32e4002760 Exception <a 'java/lang/NoSuchMethodError'{0x000000008b940c38}: 'void java.lang.invoke.DirectMethodHandle$Holder.invokeStaticInit(java.lang.Object, java.lang.Object, java.lang.Object)'> (0x000000008b940c38) 
thrown [src/hotspot/share/interpreter/linkResolver.cpp, line 772]
Event: 1,430 Thread 0x00007f32e4002760 Exception <a 'java/lang/NoSuchMethodError'{0x000000008b987df0}: 'java.lang.Object java.lang.invoke.DirectMethodHandle$Holder.invokeVirtual(java.lang.Object, java.lang.Object, java.lang.Object)'> (0x000000008b987df0) 
thrown [src/hotspot/share/interpreter/linkResolver.cpp, line 772]
Event: 1,436 Thread 0x00007f32e4002760 Exception <a 'java/lang/NoSuchMethodError'{0x000000008b9a7b70}: 'java.lang.Object java.lang.invoke.DirectMethodHandle$Holder.invokeStatic(java.lang.Object, long, java.lang.Object)'> (0x000000008b9a7b70) 
thrown [src/hotspot/share/interpreter/linkResolver.cpp, line 772]
Event: 1,436 Thread 0x00007f32e4002760 Exception <a 'java/lang/NoSuchMethodError'{0x000000008b9ab1f8}: 'java.lang.Object java.lang.invoke.DirectMethodHandle$Holder.invokeStaticInit(java.lang.Object, long, java.lang.Object)'> (0x000000008b9ab1f8) 
thrown [src/hotspot/share/interpreter/linkResolver.cpp, line 772]
Event: 1,437 Thread 0x00007f32e4002760 Exception <a 'java/lang/NoSuchMethodError'{0x000000008b9b0cd8}: 'java.lang.Object java.lang.invoke.DirectMethodHandle$Holder.newInvokeSpecial(java.lang.Object, long)'> (0x000000008b9b0cd8) 
thrown [src/hotspot/share/interpreter/linkResolver.cpp, line 772]
Event: 1,465 Thread 0x00007f32e4002760 Exception <a 'java/lang/NoSuchMethodError'{0x000000008b8126e8}: 'void java.lang.invoke.DirectMethodHandle$Holder.invokeVirtual(java.lang.Object, java.lang.Object, java.lang.Object, java.lang.Object)'> (0x000000008b8126e8) 
thrown [src/hotspot/share/interpreter/linkResolver.cpp, line 772]
Event: 1,545 Thread 0x00007f32e4002760 Exception <a 'java/lang/IncompatibleClassChangeError'{0x000000008b7c7a10}: Found class java.lang.Object, but interface was expected> (0x000000008b7c7a10) 
thrown [src/hotspot/share/interpreter/linkResolver.cpp, line 840]
Event: 1,549 Thread 0x00007f32e4002760 Exception <a 'java/lang/NoSuchMethodError'{0x000000008b7e1568}: 'java.lang.Object java.lang.invoke.DirectMethodHandle$Holder.invokeStaticInit(java.lang.Object, int)'> (0x000000008b7e1568) 
thrown [src/hotspot/share/interpreter/linkResolver.cpp, line 772]
Event: 1,556 Thread 0x00007f32e4002760 Exception <a 'java/lang/NoSuchMethodError'{0x000000008b606dc8}: 'java.lang.Object java.lang.invoke.DirectMethodHandle$Holder.invokeStatic(java.lang.Object, int, java.lang.Object)'> (0x000000008b606dc8) 
thrown [src/hotspot/share/interpreter/linkResolver.cpp, line 772]
Event: 1,556 Thread 0x00007f32e4002760 Exception <a 'java/lang/NoSuchMethodError'{0x000000008b60a448}: 'java.lang.Object java.lang.invoke.DirectMethodHandle$Holder.invokeStaticInit(java.lang.Object, int, java.lang.Object)'> (0x000000008b60a448) 
thrown [src/hotspot/share/interpreter/linkResolver.cpp, line 772]
Event: 2,066 Thread 0x00007f32e4002760 Exception <a 'java/lang/NoSuchMethodError'{0x0000000089f46de8}: 'int java.lang.invoke.DirectMethodHandle$Holder.invokeSpecial(java.lang.Object, java.lang.Object, java.lang.Object, java.lang.Object, java.lang.Object)'> (0x0000000089f46de8) 
thrown [src/hotspot/share/interpreter/linkResolver.cpp, line 772]
Event: 2,068 Thread 0x00007f32e4002760 Exception <a 'java/lang/NoSuchMethodError'{0x0000000089f4ee58}: 'void java.lang.invoke.DirectMethodHandle$Holder.invokeVirtual(java.lang.Object, java.lang.Object)'> (0x0000000089f4ee58) 
thrown [src/hotspot/share/interpreter/linkResolver.cpp, line 772]
Event: 2,526 Thread 0x00007f32e4002760 Exception <a 'java/lang/IncompatibleClassChangeError'{0x000000008b3b0860}: Found class java.lang.Object, but interface was expected> (0x000000008b3b0860) 
thrown [src/hotspot/share/interpreter/linkResolver.cpp, line 840]
Event: 2,662 Thread 0x00007f32e017c510 Exception <a 'java/lang/NoSuchMethodError'{0x000000008ae988f0}: 'long java.lang.invoke.DirectMethodHandle$Holder.invokeSpecial(java.lang.Object, java.lang.Object)'> (0x000000008ae988f0) 
thrown [src/hotspot/share/interpreter/linkResolver.cpp, line 772]
Event: 2,670 Thread 0x00007f32e017c510 Exception <a 'java/lang/NoSuchMethodError'{0x000000008aea24e8}: 'long java.lang.invoke.DirectMethodHandle$Holder.invokeStatic(java.lang.Object, java.lang.Object)'> (0x000000008aea24e8) 
thrown [src/hotspot/share/interpreter/linkResolver.cpp, line 772]
Event: 2,670 Thread 0x00007f32e017c510 Exception <a 'java/lang/NoSuchMethodError'{0x000000008aea55d0}: 'long java.lang.invoke.DirectMethodHandle$Holder.invokeStaticInit(java.lang.Object, java.lang.Object)'> (0x000000008aea55d0) 
thrown [src/hotspot/share/interpreter/linkResolver.cpp, line 772]
Event: 2,674 Thread 0x00007f32e017c510 Exception <a 'java/lang/NoSuchMethodError'{0x000000008aeb17c8}: 'long java.lang.invoke.DirectMethodHandle$Holder.invokeInterface(java.lang.Object, java.lang.Object)'> (0x000000008aeb17c8) 
thrown [src/hotspot/share/interpreter/linkResolver.cpp, line 772]
Event: 2,674 Thread 0x00007f32e017c510 Exception <a 'java/lang/IncompatibleClassChangeError'{0x000000008aeb47d8}: Found class java.lang.Object, but interface was expected> (0x000000008aeb47d8) 
thrown [src/hotspot/share/interpreter/linkResolver.cpp, line 840]
Event: 2,684 Thread 0x00007f32e017c510 Exception <a 'java/lang/NoSuchMethodError'{0x000000008ad02138}: 'java.lang.Object java.lang.invoke.DirectMethodHandle$Holder.invokeVirtual(java.lang.Object, java.lang.Object, java.lang.Object, java.lang.Object)'> (0x000000008ad02138) 
thrown [src/hotspot/share/interpreter/linkResolver.cpp, line 772]

ZGC Phase Switch (0 events):
No events

VM Operations (20 events):
Event: 1,522 Executing VM operation: HandshakeAllThreads (Deoptimize) done
Event: 1,525 Executing VM operation: HandshakeAllThreads (Deoptimize)
Event: 1,525 Executing VM operation: HandshakeAllThreads (Deoptimize) done
Event: 1,602 Executing VM operation: ICBufferFull
Event: 1,603 Executing VM operation: ICBufferFull done
Event: 1,985 Executing VM operation: HandshakeAllThreads (Deoptimize)
Event: 1,985 Executing VM operation: HandshakeAllThreads (Deoptimize) done
Event: 2,041 Executing VM operation: HandshakeAllThreads (Deoptimize)
Event: 2,041 Executing VM operation: HandshakeAllThreads (Deoptimize) done
Event: 2,189 Executing VM operation: G1CollectForAllocation (G1 Evacuation Pause)
Event: 2,212 Executing VM operation: G1CollectForAllocation (G1 Evacuation Pause) done
Event: 2,225 Executing VM operation: HandshakeAllThreads (Deoptimize)
Event: 2,227 Executing VM operation: HandshakeAllThreads (Deoptimize) done
Event: 2,746 Executing VM operation: HandshakeAllThreads (Deoptimize)
Event: 2,746 Executing VM operation: HandshakeAllThreads (Deoptimize) done
Event: 2,852 Executing VM operation: HandshakeAllThreads (Deoptimize)
Event: 2,852 Executing VM operation: HandshakeAllThreads (Deoptimize) done
Event: 2,855 Executing VM operation: CollectForMetadataAllocation (Metadata GC Threshold)
Event: 2,870 Executing VM operation: CollectForMetadataAllocation (Metadata GC Threshold) done
Event: 2,913 Executing VM operation: G1PauseRemark

Memory protections (17 events):
Event: 0,011 Protecting memory [0x00007f33d7f00000,0x00007f33d7f04000] with protection modes 0
Event: 0,077 Protecting memory [0x00007f33d44da000,0x00007f33d44de000] with protection modes 0
Event: 0,077 Protecting memory [0x00007f33d43da000,0x00007f33d43de000] with protection modes 0
Event: 0,078 Protecting memory [0x00007f33d42da000,0x00007f33d42de000] with protection modes 0
Event: 0,078 Protecting memory [0x00007f33d41da000,0x00007f33d41de000] with protection modes 0
Event: 0,078 Protecting memory [0x00007f33d40da000,0x00007f33d40de000] with protection modes 0
Event: 0,079 Protecting memory [0x00007f33cff00000,0x00007f33cff04000] with protection modes 0
Event: 0,082 Protecting memory [0x00007f33b8100000,0x00007f33b8104000] with protection modes 0
Event: 0,143 Protecting memory [0x00007f33b8000000,0x00007f33b8004000] with protection modes 0
Event: 0,233 Protecting memory [0x00007f33b1f00000,0x00007f33b1f04000] with protection modes 0
Event: 0,310 Protecting memory [0x00007f33b1e00000,0x00007f33b1e04000] with protection modes 0
Event: 0,312 Protecting memory [0x00007f33b1d00000,0x00007f33b1d04000] with protection modes 0
Event: 0,867 Protecting memory [0x00007f33b184f000,0x00007f33b1853000] with protection modes 0
Event: 0,871 Protecting memory [0x00007f33b174f000,0x00007f33b1753000] with protection modes 0
Event: 1,112 Protecting memory [0x00007f33b164f000,0x00007f33b1653000] with protection modes 0
Event: 1,539 Protecting memory [0x00007f33b144e000,0x00007f33b1452000] with protection modes 0
Event: 2,366 Protecting memory [0x00007f33b134e000,0x00007f33b1352000] with protection modes 0

Nmethod flushes (0 events):
No events

Events (18 events):
Event: 0,053 Thread 0x00007f33d002f050 Thread added: 0x00007f33d002f050
Event: 0,077 Thread 0x00007f33d002f050 Thread added: 0x00007f33d01546d0
Event: 0,077 Thread 0x00007f33d002f050 Thread added: 0x00007f33d0155d50
Event: 0,078 Thread 0x00007f33d002f050 Thread added: 0x00007f33d0157830
Event: 0,078 Thread 0x00007f33d002f050 Thread added: 0x00007f33d0158e70
Event: 0,078 Thread 0x00007f33d002f050 Thread added: 0x00007f33d015a410
Event: 0,079 Thread 0x00007f33d002f050 Thread added: 0x00007f33d015bf50
Event: 0,082 Thread 0x00007f33d002f050 Thread added: 0x00007f33d015d610
Event: 0,142 Thread 0x00007f33d002f050 Thread added: 0x00007f33d0187700
Event: 0,233 Thread 0x00007f33d015bf50 Thread added: 0x00007f33140bfe50
Event: 0,310 Thread 0x00007f33d002f050 Thread added: 0x00007f33d0496180
Event: 0,311 Thread 0x00007f33d002f050 Thread added: 0x00007f33d0498790
Event: 0,867 Thread 0x00007f33d002f050 Thread added: 0x00007f33d0725800
Event: 0,871 Thread 0x00007f33d0725800 Thread added: 0x00007f32e4002760
Event: 1,112 Thread 0x00007f33d0157830 Thread added: 0x00007f3328000ff0
Event: 1,539 Thread 0x00007f32e4002760 Thread added: 0x00007f32e017c510
Event: 2,366 Thread 0x00007f32e4002760 Thread added: 0x00007f32e02f5770
Event: 2,461 Thread 0x00007f32e02f5770 Thread exited: 0x00007f32e02f5770


Dynamic libraries:
84400000-8c000000 rw-p 00000000 00:00 0 
8c000000-ffe00000 ---p 00000000 00:00 0 
ffe00000-fff09000 rw-p 00cf3000 00:1f 398265                             /usr/lib/jvm/java-21-openjdk-21.0.4.0.7-2.fc40.x86_64/lib/server/classes.jsa
fff09000-100000000 rw-p 00000000 00:00 0 
561ed065b000-561ed065c000 r--p 00000000 00:1f 397899                     /usr/lib/jvm/java-21-openjdk-21.0.4.0.7-2.fc40.x86_64/bin/java
561ed065c000-561ed065d000 r-xp 00001000 00:1f 397899                     /usr/lib/jvm/java-21-openjdk-21.0.4.0.7-2.fc40.x86_64/bin/java
561ed065d000-561ed065e000 r--p 00002000 00:1f 397899                     /usr/lib/jvm/java-21-openjdk-21.0.4.0.7-2.fc40.x86_64/bin/java
561ed065e000-561ed065f000 r--p 00002000 00:1f 397899                     /usr/lib/jvm/java-21-openjdk-21.0.4.0.7-2.fc40.x86_64/bin/java
561ed065f000-561ed0660000 rw-p 00003000 00:1f 397899                     /usr/lib/jvm/java-21-openjdk-21.0.4.0.7-2.fc40.x86_64/bin/java
561efc2fd000-561efc345000 rw-p 00000000 00:00 0                          [heap]
7f32c8000000-7f32c8021000 rw-p 00000000 00:00 0 
7f32c8021000-7f32cc000000 ---p 00000000 00:00 0 
7f32cc000000-7f32cc3fd000 rw-p 00000000 00:00 0 
7f32cc3fd000-7f32d0000000 ---p 00000000 00:00 0 
7f32d4000000-7f32d4021000 rw-p 00000000 00:00 0 
7f32d4021000-7f32d8000000 ---p 00000000 00:00 0 
7f32d8000000-7f32d802c000 rw-p 00000000 00:00 0 
7f32d802c000-7f32dc000000 ---p 00000000 00:00 0 
7f32e0000000-7f32e03de000 rw-p 00000000 00:00 0 
7f32e03de000-7f32e4000000 ---p 00000000 00:00 0 
7f32e4000000-7f32e4021000 rw-p 00000000 00:00 0 
7f32e4021000-7f32e8000000 ---p 00000000 00:00 0 
7f32ec000000-7f32ec021000 rw-p 00000000 00:00 0 
7f32ec021000-7f32f0000000 ---p 00000000 00:00 0 
7f32f0000000-7f32f00e2000 rw-p 00000000 00:00 0 
7f32f00e2000-7f32f4000000 ---p 00000000 00:00 0 
7f32f8000000-7f32f8021000 rw-p 00000000 00:00 0 
7f32f8021000-7f32fc000000 ---p 00000000 00:00 0 
7f32fc000000-7f32fc021000 rw-p 00000000 00:00 0 
7f32fc021000-7f3300000000 ---p 00000000 00:00 0 
7f3304000000-7f33043e1000 rw-p 00000000 00:00 0 
7f33043e1000-7f3308000000 ---p 00000000 00:00 0 
7f3308000000-7f3308021000 rw-p 00000000 00:00 0 
7f3308021000-7f330c000000 ---p 00000000 00:00 0 
7f3310000000-7f331031e000 rw-p 00000000 00:00 0 
7f331031e000-7f3314000000 ---p 00000000 00:00 0 
7f3314000000-7f33146d7000 rw-p 00000000 00:00 0 
7f33146d7000-7f3318000000 ---p 00000000 00:00 0 
7f331c000000-7f331c021000 rw-p 00000000 00:00 0 
7f331c021000-7f3320000000 ---p 00000000 00:00 0 
7f3320000000-7f3320021000 rw-p 00000000 00:00 0 
7f3320021000-7f3324000000 ---p 00000000 00:00 0 
7f3328000000-7f3328021000 rw-p 00000000 00:00 0 
7f3328021000-7f332c000000 ---p 00000000 00:00 0 
7f332c000000-7f332c021000 rw-p 00000000 00:00 0 
7f332c021000-7f3330000000 ---p 00000000 00:00 0 
7f3334000000-7f3334021000 rw-p 00000000 00:00 0 
7f3334021000-7f3338000000 ---p 00000000 00:00 0 
7f333a400000-7f3347f1d000 r--p 00000000 00:1f 194618                     /usr/lib/locale/locale-archive
7f3348000000-7f3348021000 rw-p 00000000 00:00 0 
7f3348021000-7f334c000000 ---p 00000000 00:00 0 
7f3350000000-7f33503f0000 rw-p 00000000 00:00 0 
7f33503f0000-7f33509f0000 rw-p 00000000 00:00 0 
7f33509f0000-7f3350af0000 rw-p 00000000 00:00 0 
7f3350af0000-7f3350bf0000 rw-p 00000000 00:00 0 
7f3350bf0000-7f33511f0000 rw-p 00000000 00:00 0 
7f33511f0000-7f3351250000 rw-p 00000000 00:00 0 
7f3351250000-7f3351300000 ---p 00000000 00:00 0 
7f3351300000-7f3351310000 rw-p 00000000 00:00 0 
7f3351310000-7f3354000000 ---p 00000000 00:00 0 
7f3354000000-7f3354021000 rw-p 00000000 00:00 0 
7f3354021000-7f3358000000 ---p 00000000 00:00 0 
7f335b000000-7f335bcb3000 rw-p 00001000 00:1f 398265                     /usr/lib/jvm/java-21-openjdk-21.0.4.0.7-2.fc40.x86_64/lib/server/classes.jsa
7f335bcb3000-7f335c000000 ---p 00000000 00:00 0 
7f335c000000-7f335c030000 rw-p 00000000 00:00 0 
7f335c030000-7f335c0b0000 rw-p 00000000 00:00 0 
7f335c0b0000-7f335c0f0000 rw-p 00000000 00:00 0 
7f335c0f0000-7f335c2b0000 rw-p 00000000 00:00 0 
7f335c2b0000-7f335c2c0000 ---p 00000000 00:00 0 
7f335c2c0000-7f335c2d0000 rw-p 00000000 00:00 0 
7f335c2d0000-7f339c000000 ---p 00000000 00:00 0 
7f339c000000-7f339c021000 rw-p 00000000 00:00 0 
7f339c021000-7f33a0000000 ---p 00000000 00:00 0 
7f33a0000000-7f33a0021000 rw-p 00000000 00:00 0 
7f33a0021000-7f33a4000000 ---p 00000000 00:00 0 
7f33a8000000-7f33a8021000 rw-p 00000000 00:00 0 
7f33a8021000-7f33ac000000 ---p 00000000 00:00 0 
7f33ac000000-7f33ac021000 rw-p 00000000 00:00 0 
7f33ac021000-7f33b0000000 ---p 00000000 00:00 0 
7f33b0e00000-7f33b10df000 rw-p 00000000 00:00 0 
7f33b11c7000-7f33b134e000 rw-p 00000000 00:00 0 
7f33b134e000-7f33b1352000 ---p 00000000 00:00 0 
7f33b1352000-7f33b144e000 rw-p 00000000 00:00 0 
7f33b144e000-7f33b1452000 ---p 00000000 00:00 0 
7f33b1452000-7f33b154e000 rw-p 00000000 00:00 0 
7f33b154e000-7f33b154f000 ---p 00000000 00:00 0 
7f33b154f000-7f33b164f000 rw-p 00000000 00:00 0 
7f33b164f000-7f33b1653000 ---p 00000000 00:00 0 
7f33b1653000-7f33b174f000 rw-p 00000000 00:00 0 
7f33b174f000-7f33b1753000 ---p 00000000 00:00 0 
7f33b1753000-7f33b184f000 rw-p 00000000 00:00 0 
7f33b184f000-7f33b1853000 ---p 00000000 00:00 0 
7f33b1853000-7f33b194f000 rw-p 00000000 00:00 0 
7f33b194f000-7f33b1950000 ---p 00000000 00:00 0 
7f33b1950000-7f33b1a50000 rw-p 00000000 00:00 0 
7f33b1a50000-7f33b1a51000 ---p 00000000 00:00 0 
7f33b1a51000-7f33b1b51000 rw-p 00000000 00:00 0 
7f33b1b51000-7f33b1b76000 r--p 00000000 00:1f 194605                     /usr/share/locale/pt_BR/LC_MESSAGES/libc.mo
7f33b1b79000-7f33b1b82000 r--p 00000000 00:1f 195632                     /usr/lib64/libnspr4.so
7f33b1b82000-7f33b1ba9000 r-xp 00009000 00:1f 195632                     /usr/lib64/libnspr4.so
7f33b1ba9000-7f33b1bb5000 r--p 00030000 00:1f 195632                     /usr/lib64/libnspr4.so
7f33b1bb5000-7f33b1bb7000 r--p 0003b000 00:1f 195632                     /usr/lib64/libnspr4.so
7f33b1bb7000-7f33b1bb8000 rw-p 0003d000 00:1f 195632                     /usr/lib64/libnspr4.so
7f33b1bb8000-7f33b1bbb000 rw-p 00000000 00:00 0 
7f33b1bc1000-7f33b1bdc000 r--p 00000000 00:1f 227715                     /usr/lib64/libnss3.so
7f33b1bdc000-7f33b1cc1000 r-xp 0001b000 00:1f 227715                     /usr/lib64/libnss3.so
7f33b1cc1000-7f33b1cf5000 r--p 00100000 00:1f 227715                     /usr/lib64/libnss3.so
7f33b1cf5000-7f33b1cfb000 r--p 00133000 00:1f 227715                     /usr/lib64/libnss3.so
7f33b1cfb000-7f33b1cfe000 rw-p 00139000 00:1f 227715                     /usr/lib64/libnss3.so
7f33b1cfe000-7f33b1cff000 rw-p 00000000 00:00 0 
7f33b1d00000-7f33b1d04000 ---p 00000000 00:00 0 
7f33b1d04000-7f33b1e00000 rw-p 00000000 00:00 0 
7f33b1e00000-7f33b1e04000 ---p 00000000 00:00 0 
7f33b1e04000-7f33b1f00000 rw-p 00000000 00:00 0 
7f33b1f00000-7f33b1f04000 ---p 00000000 00:00 0 
7f33b1f04000-7f33b2000000 rw-p 00000000 00:00 0 
7f33b2000000-7f33b4021000 rw-p 00000000 00:00 0 
7f33b4021000-7f33b8004000 ---p 00000000 00:00 0 
7f33b8004000-7f33b8100000 rw-p 00000000 00:00 0 
7f33b8100000-7f33b8104000 ---p 00000000 00:00 0 
7f33b8104000-7f33b8200000 rw-p 00000000 00:00 0 
7f33b8200000-7f33b8650000 rwxp 00000000 00:00 0 
7f33b8650000-7f33bf737000 ---p 00000000 00:00 0 
7f33bf737000-7f33bf9a7000 rwxp 00000000 00:00 0 
7f33bf9a7000-7f33bfcc8000 ---p 00000000 00:00 0 
7f33bfcc8000-7f33bff38000 rwxp 00000000 00:00 0 
7f33bff38000-7f33c7200000 ---p 00000000 00:00 0 
7f33c7200000-7f33cfe72000 r--s 00000000 00:1f 398260                     /usr/lib/jvm/java-21-openjdk-21.0.4.0.7-2.fc40.x86_64/lib/modules
7f33cfe79000-7f33cfe7b000 r--p 00000000 00:1f 398248                     /usr/lib/jvm/java-21-openjdk-21.0.4.0.7-2.fc40.x86_64/lib/libmanagement_ext.so
7f33cfe7b000-7f33cfe7e000 r-xp 00002000 00:1f 398248                     /usr/lib/jvm/java-21-openjdk-21.0.4.0.7-2.fc40.x86_64/lib/libmanagement_ext.so
7f33cfe7e000-7f33cfe7f000 r--p 00005000 00:1f 398248                     /usr/lib/jvm/java-21-openjdk-21.0.4.0.7-2.fc40.x86_64/lib/libmanagement_ext.so
7f33cfe7f000-7f33cfe80000 r--p 00006000 00:1f 398248                     /usr/lib/jvm/java-21-openjdk-21.0.4.0.7-2.fc40.x86_64/lib/libmanagement_ext.so
7f33cfe80000-7f33cfe81000 rw-p 00000000 00:00 0 
7f33cfe81000-7f33cfe82000 r--p 00000000 00:1f 195634                     /usr/lib64/libplds4.so
7f33cfe82000-7f33cfe83000 r-xp 00001000 00:1f 195634                     /usr/lib64/libplds4.so
7f33cfe83000-7f33cfe84000 r--p 00002000 00:1f 195634                     /usr/lib64/libplds4.so
7f33cfe84000-7f33cfe85000 r--p 00002000 00:1f 195634                     /usr/lib64/libplds4.so
7f33cfe85000-7f33cfe86000 rw-p 00003000 00:1f 195634                     /usr/lib64/libplds4.so
7f33cfe89000-7f33cfe8b000 r--p 00000000 00:1f 195633                     /usr/lib64/libplc4.so
7f33cfe8b000-7f33cfe8d000 r-xp 00002000 00:1f 195633                     /usr/lib64/libplc4.so
7f33cfe8d000-7f33cfe8e000 r--p 00004000 00:1f 195633                     /usr/lib64/libplc4.so
7f33cfe8e000-7f33cfe8f000 r--p 00004000 00:1f 195633                     /usr/lib64/libplc4.so
7f33cfe8f000-7f33cfe90000 rw-p 00005000 00:1f 195633                     /usr/lib64/libplc4.so
7f33cfe91000-7f33cfe9e000 r--p 00000000 00:1f 197743                     /usr/lib64/libnssutil3.so
7f33cfe9e000-7f33cfeb1000 r-xp 0000d000 00:1f 197743                     /usr/lib64/libnssutil3.so
7f33cfeb1000-7f33cfebd000 r--p 00020000 00:1f 197743                     /usr/lib64/libnssutil3.so
7f33cfebd000-7f33cfec4000 r--p 0002b000 00:1f 197743                     /usr/lib64/libnssutil3.so
7f33cfec4000-7f33cfec5000 rw-p 00032000 00:1f 197743                     /usr/lib64/libnssutil3.so
7f33cfed1000-7f33cfed3000 r--p 00000000 00:1f 398246                     /usr/lib/jvm/java-21-openjdk-21.0.4.0.7-2.fc40.x86_64/lib/libmanagement.so
7f33cfed3000-7f33cfed4000 r-xp 00002000 00:1f 398246                     /usr/lib/jvm/java-21-openjdk-21.0.4.0.7-2.fc40.x86_64/lib/libmanagement.so
7f33cfed4000-7f33cfed5000 r--p 00003000 00:1f 398246                     /usr/lib/jvm/java-21-openjdk-21.0.4.0.7-2.fc40.x86_64/lib/libmanagement.so
7f33cfed5000-7f33cfed6000 r--p 00003000 00:1f 398246                     /usr/lib/jvm/java-21-openjdk-21.0.4.0.7-2.fc40.x86_64/lib/libmanagement.so
7f33cfed6000-7f33cfed7000 rw-p 00000000 00:00 0 
7f33cfed9000-7f33cfee0000 r--s 00000000 00:1f 310101                     /usr/lib64/gconv/gconv-modules.cache
7f33cfee1000-7f33cfee3000 r--p 00000000 00:1f 398259                     /usr/lib/jvm/java-21-openjdk-21.0.4.0.7-2.fc40.x86_64/lib/libzip.so
7f33cfee3000-7f33cfef5000 r-xp 00002000 00:1f 398259                     /usr/lib/jvm/java-21-openjdk-21.0.4.0.7-2.fc40.x86_64/lib/libzip.so
7f33cfef5000-7f33cfefd000 r--p 00014000 00:1f 398259                     /usr/lib/jvm/java-21-openjdk-21.0.4.0.7-2.fc40.x86_64/lib/libzip.so
7f33cfefd000-7f33cfefe000 r--p 0001b000 00:1f 398259                     /usr/lib/jvm/java-21-openjdk-21.0.4.0.7-2.fc40.x86_64/lib/libzip.so
7f33cfefe000-7f33cfeff000 rw-p 00000000 00:00 0 
7f33cff00000-7f33cff04000 ---p 00000000 00:00 0 
7f33cff04000-7f33d0000000 rw-p 00000000 00:00 0 
7f33d0000000-7f33d072c000 rw-p 00000000 00:00 0 
7f33d072c000-7f33d4000000 ---p 00000000 00:00 0 
7f33d4009000-7f33d400e000 r--p 00000000 00:1f 398243                     /usr/lib/jvm/java-21-openjdk-21.0.4.0.7-2.fc40.x86_64/lib/libjsvml.so
7f33d400e000-7f33d404f000 r-xp 00005000 00:1f 398243                     /usr/lib/jvm/java-21-openjdk-21.0.4.0.7-2.fc40.x86_64/lib/libjsvml.so
7f33d404f000-7f33d40d8000 r--p 00046000 00:1f 398243                     /usr/lib/jvm/java-21-openjdk-21.0.4.0.7-2.fc40.x86_64/lib/libjsvml.so
7f33d40d8000-7f33d40d9000 r--p 000ce000 00:1f 398243                     /usr/lib/jvm/java-21-openjdk-21.0.4.0.7-2.fc40.x86_64/lib/libjsvml.so
7f33d40d9000-7f33d40da000 rw-p 000cf000 00:1f 398243                     /usr/lib/jvm/java-21-openjdk-21.0.4.0.7-2.fc40.x86_64/lib/libjsvml.so
7f33d40da000-7f33d40de000 ---p 00000000 00:00 0 
7f33d40de000-7f33d41da000 rw-p 00000000 00:00 0 
7f33d41da000-7f33d41de000 ---p 00000000 00:00 0 
7f33d41de000-7f33d42da000 rw-p 00000000 00:00 0 
7f33d42da000-7f33d42de000 ---p 00000000 00:00 0 
7f33d42de000-7f33d43da000 rw-p 00000000 00:00 0 
7f33d43da000-7f33d43de000 ---p 00000000 00:00 0 
7f33d43de000-7f33d44da000 rw-p 00000000 00:00 0 
7f33d44da000-7f33d44de000 ---p 00000000 00:00 0 
7f33d44de000-7f33d45da000 rw-p 00000000 00:00 0 
7f33d45da000-7f33d45db000 ---p 00000000 00:00 0 
7f33d45db000-7f33d46db000 rw-p 00000000 00:00 0 
7f33d46db000-7f33d46dc000 ---p 00000000 00:00 0 
7f33d46dc000-7f33d47dc000 rw-p 00000000 00:00 0 
7f33d47dc000-7f33d48f9000 rw-p 00000000 00:00 0 
7f33d48f9000-7f33d48fa000 ---p 00000000 00:00 0 
7f33d48fa000-7f33d49fa000 rw-p 00000000 00:00 0 
7f33d49fa000-7f33d49fb000 ---p 00000000 00:00 0 
7f33d49fb000-7f33d4afb000 rw-p 00000000 00:00 0 
7f33d4afb000-7f33d4eff000 rw-p 00000000 00:00 0 
7f33d4eff000-7f33d4f00000 ---p 00000000 00:00 0 
7f33d4f00000-7f33d5000000 rw-p 00000000 00:00 0 
7f33d5000000-7f33d51f0000 rw-p 00000000 00:00 0 
7f33d51f0000-7f33d6ee8000 ---p 00000000 00:00 0 
7f33d6ee8000-7f33d6ef0000 rw-p 00000000 00:00 0 
7f33d6ef9000-7f33d6efa000 r--p 00000000 00:1f 398257                     /usr/lib/jvm/java-21-openjdk-21.0.4.0.7-2.fc40.x86_64/lib/libsystemconf.so
7f33d6efa000-7f33d6efb000 r-xp 00001000 00:1f 398257                     /usr/lib/jvm/java-21-openjdk-21.0.4.0.7-2.fc40.x86_64/lib/libsystemconf.so
7f33d6efb000-7f33d6efc000 r--p 00002000 00:1f 398257                     /usr/lib/jvm/java-21-openjdk-21.0.4.0.7-2.fc40.x86_64/lib/libsystemconf.so
7f33d6efc000-7f33d6efd000 r--p 00002000 00:1f 398257                     /usr/lib/jvm/java-21-openjdk-21.0.4.0.7-2.fc40.x86_64/lib/libsystemconf.so
7f33d6efd000-7f33d6efe000 rw-p 00000000 00:00 0 
7f33d6eff000-7f33d6f00000 ---p 00000000 00:00 0 
7f33d6f00000-7f33d7000000 rw-p 00000000 00:00 0 
7f33d7000000-7f33d703e000 rw-p 00000000 00:00 0 
7f33d703e000-7f33d73dd000 ---p 00000000 00:00 0 
7f33d73dd000-7f33d73de000 rw-p 00000000 00:00 0 
7f33d73e9000-7f33d73ea000 r--p 00000000 00:1f 398228                     /usr/lib/jvm/java-21-openjdk-21.0.4.0.7-2.fc40.x86_64/lib/libextnet.so
7f33d73ea000-7f33d73eb000 r-xp 00001000 00:1f 398228                     /usr/lib/jvm/java-21-openjdk-21.0.4.0.7-2.fc40.x86_64/lib/libextnet.so
7f33d73eb000-7f33d73ec000 r--p 00002000 00:1f 398228                     /usr/lib/jvm/java-21-openjdk-21.0.4.0.7-2.fc40.x86_64/lib/libextnet.so
7f33d73ec000-7f33d73ed000 r--p 00002000 00:1f 398228                     /usr/lib/jvm/java-21-openjdk-21.0.4.0.7-2.fc40.x86_64/lib/libextnet.so
7f33d73ed000-7f33d73ee000 rw-p 00000000 00:00 0 
7f33d73f1000-7f33d73f4000 r--p 00000000 00:1f 398250                     /usr/lib/jvm/java-21-openjdk-21.0.4.0.7-2.fc40.x86_64/lib/libnet.so
7f33d73f4000-7f33d73fc000 r-xp 00003000 00:1f 398250                     /usr/lib/jvm/java-21-openjdk-21.0.4.0.7-2.fc40.x86_64/lib/libnet.so
7f33d73fc000-7f33d73fe000 r--p 0000b000 00:1f 398250                     /usr/lib/jvm/java-21-openjdk-21.0.4.0.7-2.fc40.x86_64/lib/libnet.so
7f33d73fe000-7f33d73ff000 r--p 0000c000 00:1f 398250                     /usr/lib/jvm/java-21-openjdk-21.0.4.0.7-2.fc40.x86_64/lib/libnet.so
7f33d73ff000-7f33d743e000 rw-p 00000000 00:00 0 
7f33d743e000-7f33d77dd000 ---p 00000000 00:00 0 
7f33d77dd000-7f33d77de000 rw-p 00000000 00:00 0 
7f33d77e3000-7f33d77e4000 ---p 00000000 00:00 0 
7f33d77e4000-7f33d78e4000 rw-p 00000000 00:00 0 
7f33d78e4000-7f33d7d2f000 rw-p 00000000 00:00 0 
7f33d7d2f000-7f33d7e15000 ---p 00000000 00:00 0 
7f33d7e15000-7f33d7e1e000 rw-p 00000000 00:00 0 
7f33d7e1e000-7f33d7f00000 ---p 00000000 00:00 0 
7f33d7f00000-7f33d7f04000 ---p 00000000 00:00 0 
7f33d7f04000-7f33d8000000 rw-p 00000000 00:00 0 
7f33d8000000-7f33d8298000 r--p 00000000 00:1f 398268                     /usr/lib/jvm/java-21-openjdk-21.0.4.0.7-2.fc40.x86_64/lib/server/libjvm.so
7f33d8298000-7f33d9167000 r-xp 00298000 00:1f 398268                     /usr/lib/jvm/java-21-openjdk-21.0.4.0.7-2.fc40.x86_64/lib/server/libjvm.so
7f33d9167000-7f33d943d000 r--p 01167000 00:1f 398268                     /usr/lib/jvm/java-21-openjdk-21.0.4.0.7-2.fc40.x86_64/lib/server/libjvm.so
7f33d943d000-7f33d950e000 r--p 0143c000 00:1f 398268                     /usr/lib/jvm/java-21-openjdk-21.0.4.0.7-2.fc40.x86_64/lib/server/libjvm.so
7f33d950e000-7f33d953e000 rw-p 0150d000 00:1f 398268                     /usr/lib/jvm/java-21-openjdk-21.0.4.0.7-2.fc40.x86_64/lib/server/libjvm.so
7f33d953e000-7f33d95a4000 rw-p 00000000 00:00 0 
7f33d95a9000-7f33d95b0000 r--p 00000000 00:1f 398251                     /usr/lib/jvm/java-21-openjdk-21.0.4.0.7-2.fc40.x86_64/lib/libnio.so
7f33d95b0000-7f33d95ba000 r-xp 00007000 00:1f 398251                     /usr/lib/jvm/java-21-openjdk-21.0.4.0.7-2.fc40.x86_64/lib/libnio.so
7f33d95ba000-7f33d95be000 r--p 00011000 00:1f 398251                     /usr/lib/jvm/java-21-openjdk-21.0.4.0.7-2.fc40.x86_64/lib/libnio.so
7f33d95be000-7f33d95bf000 r--p 00015000 00:1f 398251                     /usr/lib/jvm/java-21-openjdk-21.0.4.0.7-2.fc40.x86_64/lib/libnio.so
7f33d95bf000-7f33d95c0000 rw-p 00016000 00:1f 398251                     /usr/lib/jvm/java-21-openjdk-21.0.4.0.7-2.fc40.x86_64/lib/libnio.so
7f33d95c5000-7f33d95ca000 rw-p 00000000 00:00 0 
7f33d95ca000-7f33d95d1000 ---p 00000000 00:00 0 
7f33d95d1000-7f33d95de000 r--p 00000000 00:1f 398236                     /usr/lib/jvm/java-21-openjdk-21.0.4.0.7-2.fc40.x86_64/lib/libjava.so
7f33d95de000-7f33d95ed000 r-xp 0000d000 00:1f 398236                     /usr/lib/jvm/java-21-openjdk-21.0.4.0.7-2.fc40.x86_64/lib/libjava.so
7f33d95ed000-7f33d95f2000 r--p 0001c000 00:1f 398236                     /usr/lib/jvm/java-21-openjdk-21.0.4.0.7-2.fc40.x86_64/lib/libjava.so
7f33d95f2000-7f33d95f3000 r--p 00021000 00:1f 398236                     /usr/lib/jvm/java-21-openjdk-21.0.4.0.7-2.fc40.x86_64/lib/libjava.so
7f33d95f3000-7f33d95f4000 rw-p 00022000 00:1f 398236                     /usr/lib/jvm/java-21-openjdk-21.0.4.0.7-2.fc40.x86_64/lib/libjava.so
7f33d95f4000-7f33d95f5000 rw-p 00000000 00:00 0 
7f33d95f9000-7f33d95fd000 r--p 00000000 00:1f 398239                     /usr/lib/jvm/java-21-openjdk-21.0.4.0.7-2.fc40.x86_64/lib/libjimage.so
7f33d95fd000-7f33d9613000 r-xp 00004000 00:1f 398239                     /usr/lib/jvm/java-21-openjdk-21.0.4.0.7-2.fc40.x86_64/lib/libjimage.so
7f33d9613000-7f33d9619000 r--p 0001a000 00:1f 398239                     /usr/lib/jvm/java-21-openjdk-21.0.4.0.7-2.fc40.x86_64/lib/libjimage.so
7f33d9619000-7f33d961b000 r--p 0001f000 00:1f 398239                     /usr/lib/jvm/java-21-openjdk-21.0.4.0.7-2.fc40.x86_64/lib/libjimage.so
7f33d961b000-7f33d961c000 rw-p 00021000 00:1f 398239                     /usr/lib/jvm/java-21-openjdk-21.0.4.0.7-2.fc40.x86_64/lib/libjimage.so
7f33d9621000-7f33d9631000 r--p 00000000 00:1f 195157                     /usr/lib64/libm.so.6
7f33d9631000-7f33d96a9000 r-xp 00010000 00:1f 195157                     /usr/lib64/libm.so.6
7f33d96a9000-7f33d9703000 r--p 00088000 00:1f 195157                     /usr/lib64/libm.so.6
7f33d9703000-7f33d9704000 r--p 000e1000 00:1f 195157                     /usr/lib64/libm.so.6
7f33d9704000-7f33d9705000 rw-p 000e2000 00:1f 195157                     /usr/lib64/libm.so.6
7f33d9709000-7f33d9731000 r--p 00000000 00:1f 195155                     /usr/lib64/libc.so.6
7f33d9731000-7f33d989e000 r-xp 00028000 00:1f 195155                     /usr/lib64/libc.so.6
7f33d989e000-7f33d98ec000 r--p 00195000 00:1f 195155                     /usr/lib64/libc.so.6
7f33d98ec000-7f33d98f0000 r--p 001e2000 00:1f 195155                     /usr/lib64/libc.so.6
7f33d98f0000-7f33d98f2000 rw-p 001e6000 00:1f 195155                     /usr/lib64/libc.so.6
7f33d98f2000-7f33d98fa000 rw-p 00000000 00:00 0 
7f33d9901000-7f33d9909000 rw-s 00000000 00:29 1147                       /tmp/hsperfdata_ccordeiro/22717
7f33d9909000-7f33d990b000 r--p 00000000 00:1f 398231                     /usr/lib/jvm/java-21-openjdk-21.0.4.0.7-2.fc40.x86_64/lib/libinstrument.so
7f33d990b000-7f33d9912000 r-xp 00002000 00:1f 398231                     /usr/lib/jvm/java-21-openjdk-21.0.4.0.7-2.fc40.x86_64/lib/libinstrument.so
7f33d9912000-7f33d9915000 r--p 00009000 00:1f 398231                     /usr/lib/jvm/java-21-openjdk-21.0.4.0.7-2.fc40.x86_64/lib/libinstrument.so
7f33d9915000-7f33d9916000 r--p 0000b000 00:1f 398231                     /usr/lib/jvm/java-21-openjdk-21.0.4.0.7-2.fc40.x86_64/lib/libinstrument.so
7f33d9916000-7f33d9917000 rw-p 0000c000 00:1f 398231                     /usr/lib/jvm/java-21-openjdk-21.0.4.0.7-2.fc40.x86_64/lib/libinstrument.so
7f33d9917000-7f33d9918000 ---p 00000000 00:00 0 
7f33d9918000-7f33d9919000 r--p 00000000 00:00 0 
7f33d9919000-7f33d991b000 r--p 00000000 00:1f 398240                     /usr/lib/jvm/java-21-openjdk-21.0.4.0.7-2.fc40.x86_64/lib/libjli.so
7f33d991b000-7f33d992c000 r-xp 00002000 00:1f 398240                     /usr/lib/jvm/java-21-openjdk-21.0.4.0.7-2.fc40.x86_64/lib/libjli.so
7f33d992c000-7f33d9933000 r--p 00013000 00:1f 398240                     /usr/lib/jvm/java-21-openjdk-21.0.4.0.7-2.fc40.x86_64/lib/libjli.so
7f33d9933000-7f33d9934000 r--p 00019000 00:1f 398240                     /usr/lib/jvm/java-21-openjdk-21.0.4.0.7-2.fc40.x86_64/lib/libjli.so
7f33d9934000-7f33d9935000 rw-p 0001a000 00:1f 398240                     /usr/lib/jvm/java-21-openjdk-21.0.4.0.7-2.fc40.x86_64/lib/libjli.so
7f33d9935000-7f33d9936000 ---p 00000000 00:00 0 
7f33d9936000-7f33d993b000 rw-p 00000000 00:00 0 
7f33d993b000-7f33d993f000 r--p 00000000 00:00 0                          [vvar]
7f33d993f000-7f33d9941000 r-xp 00000000 00:00 0                          [vdso]
7f33d9941000-7f33d9942000 r--p 00000000 00:1f 195152                     /usr/lib64/ld-linux-x86-64.so.2
7f33d9942000-7f33d996a000 r-xp 00001000 00:1f 195152                     /usr/lib64/ld-linux-x86-64.so.2
7f33d996a000-7f33d9974000 r--p 00029000 00:1f 195152                     /usr/lib64/ld-linux-x86-64.so.2
7f33d9974000-7f33d9976000 r--p 00033000 00:1f 195152                     /usr/lib64/ld-linux-x86-64.so.2
7f33d9976000-7f33d9978000 rw-p 00035000 00:1f 195152                     /usr/lib64/ld-linux-x86-64.so.2
7fff6b80d000-7fff6b830000 rw-p 00000000 00:00 0                          [stack]
ffffffffff600000-ffffffffff601000 --xp 00000000 00:00 0                  [vsyscall]
Total number of mappings: 282


VM Arguments:
jvm_args: -javaagent:/var/lib/snapd/snap/intellij-idea-community/515/lib/idea_rt.jar=46865:/var/lib/snapd/snap/intellij-idea-community/515/bin -Dfile.encoding=UTF-8 -Dsun.stdout.encoding=UTF-8 -Dsun.stderr.encoding=UTF-8 
java_command: com.api.parking_control.ParkingControlApplication
java_class_path (initial): /home/ccordeiro/area_dev/spring-boot/parking-control/target/classes:/home/ccordeiro/.m2/repository/org/springframework/boot/spring-boot-starter-data-jpa/3.3.2/spring-boot-starter-data-jpa-3.3.2.jar:/home/ccordeiro/.m2/repository/org/springframework/boot/spring-boot-starter-aop/3.3.2/spring-boot-starter-aop-3.3.2.jar:/home/ccordeiro/.m2/repository/org/springframework/spring-aop/6.1.11/spring-aop-6.1.11.jar:/home/ccordeiro/.m2/repository/org/aspectj/aspectjweaver/1.9.22.1/aspectjweaver-1.9.22.1.jar:/home/ccordeiro/.m2/repository/org/springframework/boot/spring-boot-starter-jdbc/3.3.2/spring-boot-starter-jdbc-3.3.2.jar:/home/ccordeiro/.m2/repository/com/zaxxer/HikariCP/5.1.0/HikariCP-5.1.0.jar:/home/ccordeiro/.m2/repository/org/springframework/spring-jdbc/6.1.11/spring-jdbc-6.1.11.jar:/home/ccordeiro/.m2/repository/org/hibernate/orm/hibernate-core/6.5.2.Final/hibernate-core-6.5.2.Final.jar:/home/ccordeiro/.m2/repository/jakarta/persistence/jakarta.persistence-api/3.1.0/jakarta.persistence-api-3.1.0.jar:/home/ccordeiro/.m2/repository/jakarta/transaction/jakarta.transaction-api/2.0.1/jakarta.transaction-api-2.0.1.jar:/home/ccordeiro/.m2/repository/org/jboss/logging/jboss-logging/3.5.3.Final/jboss-logging-3.5.3.Final.jar:/home/ccordeiro/.m2/repository/org/hibernate/common/hibernate-commons-annotations/6.0.6.Final/hibernate-commons-annotations-6.0.6.Final.jar:/home/ccordeiro/.m2/repository/io/smallrye/jandex/3.1.2/jandex-3.1.2.jar:/home/ccordeiro/.m2/repository/com/fasterxml/classmate/1.7.0/classmate-1.7.0.jar:/home/ccordeiro/.m2/repository/net/bytebuddy/byte-buddy/1.14.18/byte-buddy-1.14.18.jar:/home/ccordeiro/.m2/repository/org/glassfish/jaxb/jaxb-runtime/4.0.5/jaxb-runtime-4.0.5.jar:/home/ccordeiro/.m2/repository/org/glassfish/jaxb/jaxb-core/4.0.5/jaxb-core-4.0.5.jar:/home/ccordeiro/.m2/repository/org/eclipse/angus/angus-activation/2.0.2/angus-activation-2.0.2.jar:/home/ccordeiro/.m2/repository/org/glassfish/jaxb/txw2/4.0.5/txw2-4.0.5.jar:/home/ccordeiro/.m2/repository/com/sun/istack/istack-commons-runtime/4.1.2/istack-commons-runtime-4.1.2.jar:/home/ccordeiro/.m2/repository/jakarta/inject/jakarta.inject-api/2.0.1/jakarta.inject-api-2.0.1.jar:/home/ccordeiro/.m2/repository/org/antlr/antlr4-runtime/4.13.0/antlr4-runtime-4.13.0.jar:/home/ccordeiro/.m2/repository/org/springframework/data/spring-data-jpa/3.3.2/spring-data-jpa-3.3.2.jar:/home/ccordeiro/.m2/repository/org/springframework/data/spring-data-commons/3.3.2/spring-data-commons-3.3.2.jar:/home/ccordeiro/.m2/repository/org/springframework/spring-orm/6.1.11/spring-orm-6.1.11.jar:/home/ccordeiro/.m2/repository/org/springframework/spring-context/6.1.11/spring-context-6.1.11.jar:/home/ccordeiro/.m2/repository/org/springframework/spring-tx/6.1.11/spring-tx-6.1.11.jar:/home/ccordeiro/.m2/repository/org/springframework/spring-beans/6.1.11/spring-beans-6.1.11.jar:/home/ccordeiro/.m2/repository/jakarta/annotation/jakarta.annotation-api/2.1.1/jakarta.annotation-api-2.1.1.jar:/home/ccordeiro/.m2/repository/org/slf4j/slf4j-api/2.0.13/slf4j-api-2.0.13.jar:/home/ccordeiro/.m2/repository/org/springframework/spring-aspects/6.1.11/spring-aspects-6.1.11.jar:/home/ccordeiro/.m2/repository/org/springframework/boot/spring-boot-starter-validation/3.3.2/spring-boot-starter-validation-3.3.2.jar:/home/ccordeiro/.m2/repository/org/springframework/boot/spring-boot-starter/3.3.2/spring-boot-starter-3.3.2.jar:/home/ccordeiro/.m2/repository/org/springframework/boot/spring-boot-starter-logging/3.3.2/spring-boot-starter-logging-3.3.2.jar:/home/ccordeiro/.m2/repository/ch/qos/logback/logback-classic/1.5.6/logback-classic-1.5.6.jar:/home/ccordeiro/.m2/repository/ch/qos/logback/logback-core/1.5.6/logback-core-1.5.6.jar:/home/ccordeiro/.m2/repository/org/apache/logging/log4j/log4j-to-slf4j/2.23.1/log4j-to-slf4j-2.23.1.jar:/home/ccordeiro/.m2/repository/org/apache/logging/log4j/log4j-api/2.23.1/log4j-api-2.23.1.jar:/home/ccordeiro/.m2/repository/org/slf4j/jul-to-slf4j/2.0.13/jul-to-slf4j-2.0.13.jar:/home/ccordeiro/.m2/repository/org/yaml/snakeyaml/2.2/snakeyaml-2.2.jar:/home/ccordeiro/.m2/repository/org/apache/tomcat/embed/tomcat-embed-el/10.1.26/tomcat-embed-el-10.1.26.jar:/home/ccordeiro/.m2/repository/org/hibernate/validator/hibernate-validator/8.0.1.Final/hibernate-validator-8.0.1.Final.jar:/home/ccordeiro/.m2/repository/jakarta/validation/jakarta.validation-api/3.0.2/jakarta.validation-api-3.0.2.jar:/home/ccordeiro/.m2/repository/org/springframework/boot/spring-boot-starter-web/3.3.2/spring-boot-starter-web-3.3.2.jar:/home/ccordeiro/.m2/repository/org/springframework/boot/spring-boot-starter-json/3.3.2/spring-boot-starter-json-3.3.2.jar:/home/ccordeiro/.m2/repository/com/fasterxml/jackson/core/jackson-databind/2.17.2/jackson-databind-2.17.2.jar:/home/ccordeiro/.m2/repository/com/fasterxml/jackson/core/jackson-annotations/2.17.2/jackson-annotations-2.17.2.jar:/home/ccordeiro/.m2/repository/com/fasterxml/jackson/core/jackson-core/2.17.2/jackson-core-2.17.2.jar:/home/ccordeiro/.m2/repository/com/fasterxml/jackson/datatype/jackson-datatype-jdk8/2.17.2/jackson-datatype-jdk8-2.17.2.jar:/home/ccordeiro/.m2/repository/com/fasterxml/jackson/datatype/jackson-datatype-jsr310/2.17.2/jackson-datatype-jsr310-2.17.2.jar:/home/ccordeiro/.m2/repository/com/fasterxml/jackson/module/jackson-module-parameter-names/2.17.2/jackson-module-parameter-names-2.17.2.jar:/home/ccordeiro/.m2/repository/org/springframework/boot/spring-boot-starter-tomcat/3.3.2/spring-boot-starter-tomcat-3.3.2.jar:/home/ccordeiro/.m2/repository/org/apache/tomcat/embed/tomcat-embed-core/10.1.26/tomcat-embed-core-10.1.26.jar:/home/ccordeiro/.m2/repository/org/apache/tomcat/embed/tomcat-embed-websocket/10.1.26/tomcat-embed-websocket-10.1.26.jar:/home/ccordeiro/.m2/repository/org/springframework/spring-web/6.1.11/spring-web-6.1.11.jar:/home/ccordeiro/.m2/repository/io/micrometer/micrometer-observation/1.13.2/micrometer-observation-1.13.2.jar:/home/ccordeiro/.m2/repository/io/micrometer/micrometer-commons/1.13.2/micrometer-commons-1.13.2.jar:/home/ccordeiro/.m2/repository/org/springframework/spring-webmvc/6.1.11/spring-webmvc-6.1.11.jar:/home/ccordeiro/.m2/repository/org/springframework/spring-expression/6.1.11/spring-expression-6.1.11.jar:/home/ccordeiro/.m2/repository/org/springframework/boot/spring-boot-devtools/3.3.2/spring-boot-devtools-3.3.2.jar:/home/ccordeiro/.m2/repository/org/springframework/boot/spring-boot/3.3.2/spring-boot-3.3.2.jar:/home/ccordeiro/.m2/repository/org/springframework/boot/spring-boot-autoconfigure/3.3.2/spring-boot-autoconfigure-3.3.2.jar:/home/ccordeiro/.m2/repository/org/postgresql/postgresql/42.7.3/postgresql-42.7.3.jar:/home/ccordeiro/.m2/repository/org/checkerframework/checker-qual/3.42.0/checker-qual-3.42.0.jar:/home/ccordeiro/.m2/repository/jakarta/xml/bind/jakarta.xml.bind-api/4.0.2/jakarta.xml.bind-api-4.0.2.jar:/home/ccordeiro/.m2/repository/jakarta/activation/jakarta.activation-api/2.1.3/jakarta.activation-api-2.1.3.jar:/home/ccordeiro/.m2/repository/org/springframework/spring-core/6.1.11/spring-core-6.1.11.jar:/home/ccordeiro/.m2/repository/org/springframework/spring-jcl/6.1.11/spring-jcl-6.1.11.jar
Launcher Type: SUN_STANDARD

[Global flags]
     intx CICompilerCount                          = 3                                         {product} {ergonomic}
     uint ConcGCThreads                            = 1                                         {product} {ergonomic}
     uint G1ConcRefinementThreads                  = 4                                         {product} {ergonomic}
   size_t G1HeapRegionSize                         = 1048576                                   {product} {ergonomic}
    uintx GCDrainStackTargetSize                   = 64                                        {product} {ergonomic}
   size_t InitialHeapSize                          = 130023424                                 {product} {ergonomic}
   size_t MarkStackSize                            = 4194304                                   {product} {ergonomic}
   size_t MaxHeapSize                              = 2076180480                                {product} {ergonomic}
   size_t MaxNewSize                               = 1245708288                                {product} {ergonomic}
   size_t MinHeapDeltaBytes                        = 1048576                                   {product} {ergonomic}
   size_t MinHeapSize                              = 8388608                                   {product} {ergonomic}
    uintx NonNMethodCodeHeapSize                   = 5832780                                {pd product} {ergonomic}
    uintx NonProfiledCodeHeapSize                  = 122912730                              {pd product} {ergonomic}
    uintx ProfiledCodeHeapSize                     = 122912730                              {pd product} {ergonomic}
    uintx ReservedCodeCacheSize                    = 251658240                              {pd product} {ergonomic}
     bool SegmentedCodeCache                       = true                                      {product} {ergonomic}
   size_t SoftMaxHeapSize                          = 2076180480                             {manageable} {ergonomic}
     bool UseCompressedOops                        = true                           {product lp64_product} {ergonomic}
     bool UseG1GC                                  = true                                      {product} {ergonomic}

Logging:
Log output configuration:
 #0: stdout all=warning uptime,level,tags foldmultilines=false
 #1: stderr all=off uptime,level,tags foldmultilines=false

Environment Variables:
PATH=/home/ccordeiro/.local/bin:/home/ccordeiro/bin:/usr/local/bin:/usr/local/sbin:/usr/bin:/usr/sbin:/var/lib/snapd/snap/bin
USERNAME=ccordeiro
SHELL=/bin/bash
DISPLAY=:0
LANG=pt_BR.UTF-8

Active Locale:
LC_ALL=pt_BR.UTF-8
LC_COLLATE=pt_BR.UTF-8
LC_CTYPE=pt_BR.UTF-8
LC_MESSAGES=pt_BR.UTF-8
LC_MONETARY=pt_BR.UTF-8
LC_NUMERIC=pt_BR.UTF-8
LC_TIME=pt_BR.UTF-8

Signal Handlers:
   SIGSEGV: crash_handler in libjvm.so, mask=11100100010111111101111111111110, flags=SA_RESTART|SA_SIGINFO, unblocked
    SIGBUS: crash_handler in libjvm.so, mask=11100100010111111101111111111110, flags=SA_RESTART|SA_SIGINFO, unblocked
    SIGFPE: crash_handler in libjvm.so, mask=11100100010111111101111111111110, flags=SA_RESTART|SA_SIGINFO, unblocked
   SIGPIPE: SIG_IGN, mask=00000000000000000000000000000000, flags=none, blocked
  *** Handler was modified!
  *** Expected: javaSignalHandler in libjvm.so, mask=11100100110111111111111111111110, flags=SA_RESTART|SA_SIGINFO
   SIGXFSZ: javaSignalHandler in libjvm.so, mask=11100100010111111101111111111110, flags=SA_RESTART|SA_SIGINFO, blocked
    SIGILL: crash_handler in libjvm.so, mask=11100100010111111101111111111110, flags=SA_RESTART|SA_SIGINFO, unblocked
   SIGUSR2: SR_handler in libjvm.so, mask=00100000000000000000000000000000, flags=SA_RESTART|SA_SIGINFO, blocked
    SIGHUP: UserHandler in libjvm.so, mask=11100100010111111101111111111110, flags=SA_RESTART|SA_SIGINFO, blocked
    SIGINT: UserHandler in libjvm.so, mask=11100100010111111101111111111110, flags=SA_RESTART|SA_SIGINFO, blocked
   SIGTERM: UserHandler in libjvm.so, mask=11100100010111111101111111111110, flags=SA_RESTART|SA_SIGINFO, blocked
   SIGQUIT: UserHandler in libjvm.so, mask=11100100010111111101111111111110, flags=SA_RESTART|SA_SIGINFO, blocked
   SIGTRAP: crash_handler in libjvm.so, mask=11100100010111111101111111111110, flags=SA_RESTART|SA_SIGINFO, unblocked


Periodic native trim disabled

---------------  S Y S T E M  ---------------

OS:
Fedora release 40 (Forty)
uname: Linux 6.9.10-200.fc40.x86_64 #1 SMP PREEMPT_DYNAMIC Thu Jul 18 21:39:30 UTC 2024 x86_64
OS uptime: 1 days 21:55 hours
libc: glibc 2.39 NPTL 2.39 
rlimit (soft/hard): STACK 8192k/infinity , CORE infinity/infinity , NPROC 31409/31409 , NOFILE 1048576/1048576 , AS infinity/infinity , CPU infinity/infinity , DATA infinity/infinity , FSIZE infinity/infinity , MEMLOCK 8192k/8192k
load average: 2,85 1,74 1,61

/proc/meminfo:
MemTotal:        8105200 kB
MemFree:          297784 kB
MemAvailable:    2362032 kB
Buffers:             300 kB
Cached:          2321504 kB
SwapCached:         5544 kB
Active:          4125424 kB
Inactive:        2447660 kB
Active(anon):    3413388 kB
Inactive(anon):   974944 kB
Active(file):     712036 kB
Inactive(file):  1472716 kB
Unevictable:        5904 kB
Mlocked:            5904 kB
SwapTotal:       8104956 kB
SwapFree:        6487776 kB
Zswap:                 0 kB
Zswapped:              0 kB
Dirty:              2408 kB
Writeback:             0 kB
AnonPages:       4252800 kB
Mapped:           801028 kB
Shmem:            131708 kB
KReclaimable:     184032 kB
Slab:             402372 kB
SReclaimable:     184032 kB
SUnreclaim:       218340 kB
KernelStack:       20624 kB
PageTables:        67612 kB
SecPageTables:         0 kB
NFS_Unstable:          0 kB
Bounce:                0 kB
WritebackTmp:          0 kB
CommitLimit:    12157556 kB
Committed_AS:   26200456 kB
VmallocTotal:   34359738367 kB
VmallocUsed:      113820 kB
VmallocChunk:          0 kB
Percpu:             8320 kB
HardwareCorrupted:     0 kB
AnonHugePages:         0 kB
ShmemHugePages:        0 kB
ShmemPmdMapped:        0 kB
FileHugePages:         0 kB
FilePmdMapped:         0 kB
CmaTotal:              0 kB
CmaFree:               0 kB
Unaccepted:            0 kB
HugePages_Total:       0
HugePages_Free:        0
HugePages_Rsvd:        0
HugePages_Surp:        0
Hugepagesize:       2048 kB
Hugetlb:               0 kB
DirectMap4k:     2251264 kB
DirectMap2M:     6119424 kB
DirectMap1G:           0 kB

/sys/kernel/mm/transparent_hugepage/enabled: always [madvise] never
/sys/kernel/mm/transparent_hugepage/hpage_pmd_size: 2097152
/sys/kernel/mm/transparent_hugepage/defrag (defrag/compaction efforts parameter): always defer defer+madvise [madvise] never

Process Memory:
Virtual Size: 5686992K (peak: 5686992K)
Resident Set Size: 150496K (peak: 150496K) (anon: 124520K, file: 25976K, shmem: 0K)
Swapped out: 0K
C-Heap outstanding allocations: 40620K, retained: 6699K
glibc malloc tunables: (default)

/proc/sys/kernel/threads-max (system-wide limit on the number of threads): 62819
/proc/sys/vm/max_map_count (maximum number of memory map areas a process may have): 1048576
/proc/sys/vm/swappiness (control to define how aggressively the kernel swaps out anonymous memory): 60
/proc/sys/kernel/pid_max (system-wide limit on number of process identifiers): 4194304

container (cgroup) information:
container_type: cgroupv2
cpu_cpuset_cpus: not supported
cpu_memory_nodes: not supported
active_processor_count: 4
cpu_quota: no quota
cpu_period: 100000
cpu_shares: 8192
memory_limit_in_bytes: unlimited
memory_and_swap_limit_in_bytes: unlimited
memory_soft_limit_in_bytes: unlimited
memory_usage_in_bytes: 2747164 k
memory_max_usage_in_bytes: not supported
memory_swap_current_in_bytes: 314640 k
memory_swap_max_limit_in_bytes: unlimited
maximum number of tasks: 9422
current number of tasks: 142

Steal ticks since vm start: 0
Steal ticks percentage since vm start:  0,000

CPU: total 8 (initial active 4) (4 cores per cpu, 1 threads per core) family 21 model 1 stepping 2 microcode 0x600063e, cx8, cmov, fxsr, mmx, 3dnowpref, sse, sse2, sse3, ssse3, sse4a, sse4.1, sse4.2, popcnt, lzcnt, tsc, tscinvbit, avx, aes, clmul, vzeroupper, clflush, rdtscp
CPU Model and flags from /proc/cpuinfo:
model name	: AMD FX(tm)-4100 Quad-Core Processor
flags		: fpu vme de pse tsc msr pae mce cx8 apic sep mtrr pge mca cmov pat pse36 clflush mmx fxsr sse sse2 ht syscall nx mmxext fxsr_opt pdpe1gb rdtscp lm constant_tsc rep_good nopl nonstop_tsc cpuid extd_apicid aperfmperf pni pclmulqdq monitor ssse3 cx16 sse4_1 sse4_2 popcnt aes xsave avx lahf_lm cmp_legacy svm extapic cr8_legacy abm sse4a misalignsse 3dnowprefetch osvw ibs xop skinit wdt fma4 nodeid_msr topoext perfctr_core perfctr_nb cpb hw_pstate ssbd ibpb vmmcall arat npt lbrv svm_lock nrip_save tsc_scale vmcb_clean flushbyasid decodeassists pausefilter pfthreshold

Online cpus: 0-3
Offline cpus: 4-7
BIOS frequency limitation: 3600000
Frequency switch latency (ns): 4000
Available cpu frequencies: 3600000 3300000 2500000 1700000 1400000 
Current governor: schedutil
Core performance/turbo boost: 1

Memory: 4k page, physical 8105200k(2362032k free), swap 8104956k(6487776k free)
Page Sizes: 4k

vm_info: OpenJDK 64-Bit Server VM (21.0.4+7) for linux-amd64 JRE (21.0.4+7), built on 2024-07-19T00:00:00Z by "mockbuild" with gcc 13.3.1 20240522 (Red Hat 13.3.1-1)

END.
